<?xml version="1.0" encoding="UTF-8"?>
<!-- Generated by org.testng.reporters.JUnitXMLReporter -->
<testsuite ignored="0" hostname="DESKTOP-H3UQ7ED" failures="1" tests="2" name="ChromeTest" time="114.106" errors="0" timestamp="2024-01-11T17:57:17 IST">
  <testcase classname="tests.TC05_ValidateBottomLinks" name="ValidateBottomLinks" time="60.337"/>
  <testcase classname="tests.TC05_ValidateBottomLinks" name="ValidateBottomLinksNegative" time="47.713">
    <failure type="java.lang.AssertionError" message="expected [California Supply Chain Transparency Act - Best Bui] but found [California Supply Chain Transparency Act - Best Buy]">
      <![CDATA[java.lang.AssertionError: expected [California Supply Chain Transparency Act - Best Bui] but found [California Supply Chain Transparency Act - Best Buy]
at utils.UtilClass.validateTitle(UtilClass.java:122)
at pages.ValidataBottomLinksPage.clickCASupplyChainTransparencyAct(ValidataBottomLinksPage.java:108)
at tests.TC05_ValidateBottomLinks.ValidateBottomLinksNegative(TC05_ValidateBottomLinks.java:120)
at java.base/java.util.ArrayList.forEach(ArrayList.java:1511)
at java.base/java.util.concurrent.FutureTask.run(FutureTask.java:317)
at java.base/java.util.concurrent.ThreadPoolExecutor.runWorker(ThreadPoolExecutor.java:1144)
at java.base/java.util.concurrent.ThreadPoolExecutor$Worker.run(ThreadPoolExecutor.java:642)
at java.base/java.lang.Thread.run(Thread.java:1623)
... Removed 21 stack frames]]>
    </failure>
  </testcase> <!-- ValidateBottomLinksNegative -->
</testsuite> <!-- ChromeTest -->
