<?xml version="1.0" encoding="UTF-8"?>
<!-- Generated by org.testng.reporters.JUnitXMLReporter -->
<testsuite ignored="0" hostname="DESKTOP-H3UQ7ED" failures="1" tests="1" name="ChromeTest1" time="8.619" errors="0" timestamp="2023-12-17T15:07:43 IST">
  <testcase classname="tests.TC08_HeadlessChrome" name="HeadlessChrome" time="0.008">
    <failure type="java.lang.StackOverflowError">
      <![CDATA[java.lang.StackOverflowError
at tests.TC08_HeadlessChrome.HeadlessChrome(TC08_HeadlessChrome.java)
at tests.TC08_HeadlessChrome.HeadlessChrome(TC08_HeadlessChrome.java:13)
at tests.TC08_HeadlessChrome.HeadlessChrome(TC08_HeadlessChrome.java:13)
at tests.TC08_HeadlessChrome.HeadlessChrome(TC08_HeadlessChrome.java:13)
at tests.TC08_HeadlessChrome.HeadlessChrome(TC08_HeadlessChrome.java:13)
at tests.TC08_HeadlessChrome.HeadlessChrome(TC08_HeadlessChrome.java:13)
at tests.TC08_HeadlessChrome.HeadlessChrome(TC08_HeadlessChrome.java:13)
at tests.TC08_HeadlessChrome.HeadlessChrome(TC08_HeadlessChrome.java:13)
at tests.TC08_HeadlessChrome.HeadlessChrome(TC08_HeadlessChrome.java:13)
at tests.TC08_HeadlessChrome.HeadlessChrome(TC08_HeadlessChrome.java:13)
at tests.TC08_HeadlessChrome.HeadlessChrome(TC08_HeadlessChrome.java:13)
at tests.TC08_HeadlessChrome.HeadlessChrome(TC08_HeadlessChrome.java:13)
at tests.TC08_HeadlessChrome.HeadlessChrome(TC08_HeadlessChrome.java:13)
at tests.TC08_HeadlessChrome.HeadlessChrome(TC08_HeadlessChrome.java:13)
at tests.TC08_HeadlessChrome.HeadlessChrome(TC08_HeadlessChrome.java:13)
at tests.TC08_HeadlessChrome.HeadlessChrome(TC08_HeadlessChrome.java:13)
at tests.TC08_HeadlessChrome.HeadlessChrome(TC08_HeadlessChrome.java:13)
at tests.TC08_HeadlessChrome.HeadlessChrome(TC08_HeadlessChrome.java:13)
at tests.TC08_HeadlessChrome.HeadlessChrome(TC08_HeadlessChrome.java:13)
at tests.TC08_HeadlessChrome.HeadlessChrome(TC08_HeadlessChrome.java:13)
at tests.TC08_HeadlessChrome.HeadlessChrome(TC08_HeadlessChrome.java:13)
at tests.TC08_HeadlessChrome.HeadlessChrome(TC08_HeadlessChrome.java:13)
at tests.TC08_HeadlessChrome.HeadlessChrome(TC08_HeadlessChrome.java:13)
at tests.TC08_HeadlessChrome.HeadlessChrome(TC08_HeadlessChrome.java:13)
at tests.TC08_HeadlessChrome.HeadlessChrome(TC08_HeadlessChrome.java:13)
at tests.TC08_HeadlessChrome.HeadlessChrome(TC08_HeadlessChrome.java:13)
at tests.TC08_HeadlessChrome.HeadlessChrome(TC08_HeadlessChrome.java:13)
at tests.TC08_HeadlessChrome.HeadlessChrome(TC08_HeadlessChrome.java:13)
at tests.TC08_HeadlessChrome.HeadlessChrome(TC08_HeadlessChrome.java:13)
at tests.TC08_HeadlessChrome.HeadlessChrome(TC08_HeadlessChrome.java:13)
at tests.TC08_HeadlessChrome.HeadlessChrome(TC08_HeadlessChrome.java:13)
at tests.TC08_HeadlessChrome.HeadlessChrome(TC08_HeadlessChrome.java:13)
at tests.TC08_HeadlessChrome.HeadlessChrome(TC08_HeadlessChrome.java:13)
at tests.TC08_HeadlessChrome.HeadlessChrome(TC08_HeadlessChrome.java:13)
at tests.TC08_HeadlessChrome.HeadlessChrome(TC08_HeadlessChrome.java:13)
at tests.TC08_HeadlessChrome.HeadlessChrome(TC08_HeadlessChrome.java:13)
at tests.TC08_HeadlessChrome.HeadlessChrome(TC08_HeadlessChrome.java:13)
at tests.TC08_HeadlessChrome.HeadlessChrome(TC08_HeadlessChrome.java:13)
at tests.TC08_HeadlessChrome.HeadlessChrome(TC08_HeadlessChrome.java:13)
at tests.TC08_HeadlessChrome.HeadlessChrome(TC08_HeadlessChrome.java:13)
at tests.TC08_HeadlessChrome.HeadlessChrome(TC08_HeadlessChrome.java:13)
at tests.TC08_HeadlessChrome.HeadlessChrome(TC08_HeadlessChrome.java:13)
at tests.TC08_HeadlessChrome.HeadlessChrome(TC08_HeadlessChrome.java:13)
at tests.TC08_HeadlessChrome.HeadlessChrome(TC08_HeadlessChrome.java:13)
at tests.TC08_HeadlessChrome.HeadlessChrome(TC08_HeadlessChrome.java:13)
at tests.TC08_HeadlessChrome.HeadlessChrome(TC08_HeadlessChrome.java:13)
at tests.TC08_HeadlessChrome.HeadlessChrome(TC08_HeadlessChrome.java:13)
at tests.TC08_HeadlessChrome.HeadlessChrome(TC08_HeadlessChrome.java:13)
at tests.TC08_HeadlessChrome.HeadlessChrome(TC08_HeadlessChrome.java:13)
at tests.TC08_HeadlessChrome.HeadlessChrome(TC08_HeadlessChrome.java:13)
at tests.TC08_HeadlessChrome.HeadlessChrome(TC08_HeadlessChrome.java:13)
at tests.TC08_HeadlessChrome.HeadlessChrome(TC08_HeadlessChrome.java:13)
at tests.TC08_HeadlessChrome.HeadlessChrome(TC08_HeadlessChrome.java:13)
at tests.TC08_HeadlessChrome.HeadlessChrome(TC08_HeadlessChrome.java:13)
at tests.TC08_HeadlessChrome.HeadlessChrome(TC08_HeadlessChrome.java:13)
at tests.TC08_HeadlessChrome.HeadlessChrome(TC08_HeadlessChrome.java:13)
at tests.TC08_HeadlessChrome.HeadlessChrome(TC08_HeadlessChrome.java:13)
at tests.TC08_HeadlessChrome.HeadlessChrome(TC08_HeadlessChrome.java:13)
at tests.TC08_HeadlessChrome.HeadlessChrome(TC08_HeadlessChrome.java:13)
at tests.TC08_HeadlessChrome.HeadlessChrome(TC08_HeadlessChrome.java:13)
at tests.TC08_HeadlessChrome.HeadlessChrome(TC08_HeadlessChrome.java:13)
at tests.TC08_HeadlessChrome.HeadlessChrome(TC08_HeadlessChrome.java:13)
at tests.TC08_HeadlessChrome.HeadlessChrome(TC08_HeadlessChrome.java:13)
at tests.TC08_HeadlessChrome.HeadlessChrome(TC08_HeadlessChrome.java:13)
at tests.TC08_HeadlessChrome.HeadlessChrome(TC08_HeadlessChrome.java:13)
at tests.TC08_HeadlessChrome.HeadlessChrome(TC08_HeadlessChrome.java:13)
at tests.TC08_HeadlessChrome.HeadlessChrome(TC08_HeadlessChrome.java:13)
at tests.TC08_HeadlessChrome.HeadlessChrome(TC08_HeadlessChrome.java:13)
at tests.TC08_HeadlessChrome.HeadlessChrome(TC08_HeadlessChrome.java:13)
at tests.TC08_HeadlessChrome.HeadlessChrome(TC08_HeadlessChrome.java:13)
at tests.TC08_HeadlessChrome.HeadlessChrome(TC08_HeadlessChrome.java:13)
at tests.TC08_HeadlessChrome.HeadlessChrome(TC08_HeadlessChrome.java:13)
at tests.TC08_HeadlessChrome.HeadlessChrome(TC08_HeadlessChrome.java:13)
at tests.TC08_HeadlessChrome.HeadlessChrome(TC08_HeadlessChrome.java:13)
at tests.TC08_HeadlessChrome.HeadlessChrome(TC08_HeadlessChrome.java:13)
at tests.TC08_HeadlessChrome.HeadlessChrome(TC08_HeadlessChrome.java:13)
at tests.TC08_HeadlessChrome.HeadlessChrome(TC08_HeadlessChrome.java:13)
at tests.TC08_HeadlessChrome.HeadlessChrome(TC08_HeadlessChrome.java:13)
at tests.TC08_HeadlessChrome.HeadlessChrome(TC08_HeadlessChrome.java:13)
at tests.TC08_HeadlessChrome.HeadlessChrome(TC08_HeadlessChrome.java:13)
at tests.TC08_HeadlessChrome.HeadlessChrome(TC08_HeadlessChrome.java:13)
at tests.TC08_HeadlessChrome.HeadlessChrome(TC08_HeadlessChrome.java:13)
at tests.TC08_HeadlessChrome.HeadlessChrome(TC08_HeadlessChrome.java:13)
at tests.TC08_HeadlessChrome.HeadlessChrome(TC08_HeadlessChrome.java:13)
at tests.TC08_HeadlessChrome.HeadlessChrome(TC08_HeadlessChrome.java:13)
at tests.TC08_HeadlessChrome.HeadlessChrome(TC08_HeadlessChrome.java:13)
at tests.TC08_HeadlessChrome.HeadlessChrome(TC08_HeadlessChrome.java:13)
at tests.TC08_HeadlessChrome.HeadlessChrome(TC08_HeadlessChrome.java:13)
at tests.TC08_HeadlessChrome.HeadlessChrome(TC08_HeadlessChrome.java:13)
at tests.TC08_HeadlessChrome.HeadlessChrome(TC08_HeadlessChrome.java:13)
at tests.TC08_HeadlessChrome.HeadlessChrome(TC08_HeadlessChrome.java:13)
at tests.TC08_HeadlessChrome.HeadlessChrome(TC08_HeadlessChrome.java:13)
at tests.TC08_HeadlessChrome.HeadlessChrome(TC08_HeadlessChrome.java:13)
at tests.TC08_HeadlessChrome.HeadlessChrome(TC08_HeadlessChrome.java:13)
at tests.TC08_HeadlessChrome.HeadlessChrome(TC08_HeadlessChrome.java:13)
at tests.TC08_HeadlessChrome.HeadlessChrome(TC08_HeadlessChrome.java:13)
at tests.TC08_HeadlessChrome.HeadlessChrome(TC08_HeadlessChrome.java:13)
at tests.TC08_HeadlessChrome.HeadlessChrome(TC08_HeadlessChrome.java:13)
at tests.TC08_HeadlessChrome.HeadlessChrome(TC08_HeadlessChrome.java:13)
at tests.TC08_HeadlessChrome.HeadlessChrome(TC08_HeadlessChrome.java:13)
at tests.TC08_HeadlessChrome.HeadlessChrome(TC08_HeadlessChrome.java:13)
at tests.TC08_HeadlessChrome.HeadlessChrome(TC08_HeadlessChrome.java:13)
at tests.TC08_HeadlessChrome.HeadlessChrome(TC08_HeadlessChrome.java:13)
at tests.TC08_HeadlessChrome.HeadlessChrome(TC08_HeadlessChrome.java:13)
at tests.TC08_HeadlessChrome.HeadlessChrome(TC08_HeadlessChrome.java:13)
at tests.TC08_HeadlessChrome.HeadlessChrome(TC08_HeadlessChrome.java:13)
at tests.TC08_HeadlessChrome.HeadlessChrome(TC08_HeadlessChrome.java:13)
at tests.TC08_HeadlessChrome.HeadlessChrome(TC08_HeadlessChrome.java:13)
at tests.TC08_HeadlessChrome.HeadlessChrome(TC08_HeadlessChrome.java:13)
at tests.TC08_HeadlessChrome.HeadlessChrome(TC08_HeadlessChrome.java:13)
at tests.TC08_HeadlessChrome.HeadlessChrome(TC08_HeadlessChrome.java:13)
at tests.TC08_HeadlessChrome.HeadlessChrome(TC08_HeadlessChrome.java:13)
at tests.TC08_HeadlessChrome.HeadlessChrome(TC08_HeadlessChrome.java:13)
at tests.TC08_HeadlessChrome.HeadlessChrome(TC08_HeadlessChrome.java:13)
at tests.TC08_HeadlessChrome.HeadlessChrome(TC08_HeadlessChrome.java:13)
at tests.TC08_HeadlessChrome.HeadlessChrome(TC08_HeadlessChrome.java:13)
at tests.TC08_HeadlessChrome.HeadlessChrome(TC08_HeadlessChrome.java:13)
at tests.TC08_HeadlessChrome.HeadlessChrome(TC08_HeadlessChrome.java:13)
at tests.TC08_HeadlessChrome.HeadlessChrome(TC08_HeadlessChrome.java:13)
at tests.TC08_HeadlessChrome.HeadlessChrome(TC08_HeadlessChrome.java:13)
at tests.TC08_HeadlessChrome.HeadlessChrome(TC08_HeadlessChrome.java:13)
at tests.TC08_HeadlessChrome.HeadlessChrome(TC08_HeadlessChrome.java:13)
at tests.TC08_HeadlessChrome.HeadlessChrome(TC08_HeadlessChrome.java:13)
at tests.TC08_HeadlessChrome.HeadlessChrome(TC08_HeadlessChrome.java:13)
at tests.TC08_HeadlessChrome.HeadlessChrome(TC08_HeadlessChrome.java:13)
at tests.TC08_HeadlessChrome.HeadlessChrome(TC08_HeadlessChrome.java:13)
at tests.TC08_HeadlessChrome.HeadlessChrome(TC08_HeadlessChrome.java:13)
at tests.TC08_HeadlessChrome.HeadlessChrome(TC08_HeadlessChrome.java:13)
at tests.TC08_HeadlessChrome.HeadlessChrome(TC08_HeadlessChrome.java:13)
at tests.TC08_HeadlessChrome.HeadlessChrome(TC08_HeadlessChrome.java:13)
at tests.TC08_HeadlessChrome.HeadlessChrome(TC08_HeadlessChrome.java:13)
at tests.TC08_HeadlessChrome.HeadlessChrome(TC08_HeadlessChrome.java:13)
at tests.TC08_HeadlessChrome.HeadlessChrome(TC08_HeadlessChrome.java:13)
at tests.TC08_HeadlessChrome.HeadlessChrome(TC08_HeadlessChrome.java:13)
at tests.TC08_HeadlessChrome.HeadlessChrome(TC08_HeadlessChrome.java:13)
at tests.TC08_HeadlessChrome.HeadlessChrome(TC08_HeadlessChrome.java:13)
at tests.TC08_HeadlessChrome.HeadlessChrome(TC08_HeadlessChrome.java:13)
at tests.TC08_HeadlessChrome.HeadlessChrome(TC08_HeadlessChrome.java:13)
at tests.TC08_HeadlessChrome.HeadlessChrome(TC08_HeadlessChrome.java:13)
at tests.TC08_HeadlessChrome.HeadlessChrome(TC08_HeadlessChrome.java:13)
at tests.TC08_HeadlessChrome.HeadlessChrome(TC08_HeadlessChrome.java:13)
at tests.TC08_HeadlessChrome.HeadlessChrome(TC08_HeadlessChrome.java:13)
at tests.TC08_HeadlessChrome.HeadlessChrome(TC08_HeadlessChrome.java:13)
at tests.TC08_HeadlessChrome.HeadlessChrome(TC08_HeadlessChrome.java:13)
at tests.TC08_HeadlessChrome.HeadlessChrome(TC08_HeadlessChrome.java:13)
at tests.TC08_HeadlessChrome.HeadlessChrome(TC08_HeadlessChrome.java:13)
at tests.TC08_HeadlessChrome.HeadlessChrome(TC08_HeadlessChrome.java:13)
at tests.TC08_HeadlessChrome.HeadlessChrome(TC08_HeadlessChrome.java:13)
at tests.TC08_HeadlessChrome.HeadlessChrome(TC08_HeadlessChrome.java:13)
at tests.TC08_HeadlessChrome.HeadlessChrome(TC08_HeadlessChrome.java:13)
at tests.TC08_HeadlessChrome.HeadlessChrome(TC08_HeadlessChrome.java:13)
at tests.TC08_HeadlessChrome.HeadlessChrome(TC08_HeadlessChrome.java:13)
at tests.TC08_HeadlessChrome.HeadlessChrome(TC08_HeadlessChrome.java:13)
at tests.TC08_HeadlessChrome.HeadlessChrome(TC08_HeadlessChrome.java:13)
at tests.TC08_HeadlessChrome.HeadlessChrome(TC08_HeadlessChrome.java:13)
at tests.TC08_HeadlessChrome.HeadlessChrome(TC08_HeadlessChrome.java:13)
at tests.TC08_HeadlessChrome.HeadlessChrome(TC08_HeadlessChrome.java:13)
at tests.TC08_HeadlessChrome.HeadlessChrome(TC08_HeadlessChrome.java:13)
at tests.TC08_HeadlessChrome.HeadlessChrome(TC08_HeadlessChrome.java:13)
at tests.TC08_HeadlessChrome.HeadlessChrome(TC08_HeadlessChrome.java:13)
at tests.TC08_HeadlessChrome.HeadlessChrome(TC08_HeadlessChrome.java:13)
at tests.TC08_HeadlessChrome.HeadlessChrome(TC08_HeadlessChrome.java:13)
at tests.TC08_HeadlessChrome.HeadlessChrome(TC08_HeadlessChrome.java:13)
at tests.TC08_HeadlessChrome.HeadlessChrome(TC08_HeadlessChrome.java:13)
at tests.TC08_HeadlessChrome.HeadlessChrome(TC08_HeadlessChrome.java:13)
at tests.TC08_HeadlessChrome.HeadlessChrome(TC08_HeadlessChrome.java:13)
at tests.TC08_HeadlessChrome.HeadlessChrome(TC08_HeadlessChrome.java:13)
at tests.TC08_HeadlessChrome.HeadlessChrome(TC08_HeadlessChrome.java:13)
at tests.TC08_HeadlessChrome.HeadlessChrome(TC08_HeadlessChrome.java:13)
at tests.TC08_HeadlessChrome.HeadlessChrome(TC08_HeadlessChrome.java:13)
at tests.TC08_HeadlessChrome.HeadlessChrome(TC08_HeadlessChrome.java:13)
at tests.TC08_HeadlessChrome.HeadlessChrome(TC08_HeadlessChrome.java:13)
at tests.TC08_HeadlessChrome.HeadlessChrome(TC08_HeadlessChrome.java:13)
at tests.TC08_HeadlessChrome.HeadlessChrome(TC08_HeadlessChrome.java:13)
at tests.TC08_HeadlessChrome.HeadlessChrome(TC08_HeadlessChrome.java:13)
at tests.TC08_HeadlessChrome.HeadlessChrome(TC08_HeadlessChrome.java:13)
at tests.TC08_HeadlessChrome.HeadlessChrome(TC08_HeadlessChrome.java:13)
at tests.TC08_HeadlessChrome.HeadlessChrome(TC08_HeadlessChrome.java:13)
at tests.TC08_HeadlessChrome.HeadlessChrome(TC08_HeadlessChrome.java:13)
at tests.TC08_HeadlessChrome.HeadlessChrome(TC08_HeadlessChrome.java:13)
at tests.TC08_HeadlessChrome.HeadlessChrome(TC08_HeadlessChrome.java:13)
at tests.TC08_HeadlessChrome.HeadlessChrome(TC08_HeadlessChrome.java:13)
at tests.TC08_HeadlessChrome.HeadlessChrome(TC08_HeadlessChrome.java:13)
at tests.TC08_HeadlessChrome.HeadlessChrome(TC08_HeadlessChrome.java:13)
at tests.TC08_HeadlessChrome.HeadlessChrome(TC08_HeadlessChrome.java:13)
at tests.TC08_HeadlessChrome.HeadlessChrome(TC08_HeadlessChrome.java:13)
at tests.TC08_HeadlessChrome.HeadlessChrome(TC08_HeadlessChrome.java:13)
at tests.TC08_HeadlessChrome.HeadlessChrome(TC08_HeadlessChrome.java:13)
at tests.TC08_HeadlessChrome.HeadlessChrome(TC08_HeadlessChrome.java:13)
at tests.TC08_HeadlessChrome.HeadlessChrome(TC08_HeadlessChrome.java:13)
at tests.TC08_HeadlessChrome.HeadlessChrome(TC08_HeadlessChrome.java:13)
at tests.TC08_HeadlessChrome.HeadlessChrome(TC08_HeadlessChrome.java:13)
at tests.TC08_HeadlessChrome.HeadlessChrome(TC08_HeadlessChrome.java:13)
at tests.TC08_HeadlessChrome.HeadlessChrome(TC08_HeadlessChrome.java:13)
at tests.TC08_HeadlessChrome.HeadlessChrome(TC08_HeadlessChrome.java:13)
at tests.TC08_HeadlessChrome.HeadlessChrome(TC08_HeadlessChrome.java:13)
at tests.TC08_HeadlessChrome.HeadlessChrome(TC08_HeadlessChrome.java:13)
at tests.TC08_HeadlessChrome.HeadlessChrome(TC08_HeadlessChrome.java:13)
at tests.TC08_HeadlessChrome.HeadlessChrome(TC08_HeadlessChrome.java:13)
at tests.TC08_HeadlessChrome.HeadlessChrome(TC08_HeadlessChrome.java:13)
at tests.TC08_HeadlessChrome.HeadlessChrome(TC08_HeadlessChrome.java:13)
at tests.TC08_HeadlessChrome.HeadlessChrome(TC08_HeadlessChrome.java:13)
at tests.TC08_HeadlessChrome.HeadlessChrome(TC08_HeadlessChrome.java:13)
at tests.TC08_HeadlessChrome.HeadlessChrome(TC08_HeadlessChrome.java:13)
at tests.TC08_HeadlessChrome.HeadlessChrome(TC08_HeadlessChrome.java:13)
at tests.TC08_HeadlessChrome.HeadlessChrome(TC08_HeadlessChrome.java:13)
at tests.TC08_HeadlessChrome.HeadlessChrome(TC08_HeadlessChrome.java:13)
at tests.TC08_HeadlessChrome.HeadlessChrome(TC08_HeadlessChrome.java:13)
at tests.TC08_HeadlessChrome.HeadlessChrome(TC08_HeadlessChrome.java:13)
at tests.TC08_HeadlessChrome.HeadlessChrome(TC08_HeadlessChrome.java:13)
at tests.TC08_HeadlessChrome.HeadlessChrome(TC08_HeadlessChrome.java:13)
at tests.TC08_HeadlessChrome.HeadlessChrome(TC08_HeadlessChrome.java:13)
at tests.TC08_HeadlessChrome.HeadlessChrome(TC08_HeadlessChrome.java:13)
at tests.TC08_HeadlessChrome.HeadlessChrome(TC08_HeadlessChrome.java:13)
at tests.TC08_HeadlessChrome.HeadlessChrome(TC08_HeadlessChrome.java:13)
at tests.TC08_HeadlessChrome.HeadlessChrome(TC08_HeadlessChrome.java:13)
at tests.TC08_HeadlessChrome.HeadlessChrome(TC08_HeadlessChrome.java:13)
at tests.TC08_HeadlessChrome.HeadlessChrome(TC08_HeadlessChrome.java:13)
at tests.TC08_HeadlessChrome.HeadlessChrome(TC08_HeadlessChrome.java:13)
at tests.TC08_HeadlessChrome.HeadlessChrome(TC08_HeadlessChrome.java:13)
at tests.TC08_HeadlessChrome.HeadlessChrome(TC08_HeadlessChrome.java:13)
at tests.TC08_HeadlessChrome.HeadlessChrome(TC08_HeadlessChrome.java:13)
at tests.TC08_HeadlessChrome.HeadlessChrome(TC08_HeadlessChrome.java:13)
at tests.TC08_HeadlessChrome.HeadlessChrome(TC08_HeadlessChrome.java:13)
at tests.TC08_HeadlessChrome.HeadlessChrome(TC08_HeadlessChrome.java:13)
at tests.TC08_HeadlessChrome.HeadlessChrome(TC08_HeadlessChrome.java:13)
at tests.TC08_HeadlessChrome.HeadlessChrome(TC08_HeadlessChrome.java:13)
at tests.TC08_HeadlessChrome.HeadlessChrome(TC08_HeadlessChrome.java:13)
at tests.TC08_HeadlessChrome.HeadlessChrome(TC08_HeadlessChrome.java:13)
at tests.TC08_HeadlessChrome.HeadlessChrome(TC08_HeadlessChrome.java:13)
at tests.TC08_HeadlessChrome.HeadlessChrome(TC08_HeadlessChrome.java:13)
at tests.TC08_HeadlessChrome.HeadlessChrome(TC08_HeadlessChrome.java:13)
at tests.TC08_HeadlessChrome.HeadlessChrome(TC08_HeadlessChrome.java:13)
at tests.TC08_HeadlessChrome.HeadlessChrome(TC08_HeadlessChrome.java:13)
at tests.TC08_HeadlessChrome.HeadlessChrome(TC08_HeadlessChrome.java:13)
at tests.TC08_HeadlessChrome.HeadlessChrome(TC08_HeadlessChrome.java:13)
at tests.TC08_HeadlessChrome.HeadlessChrome(TC08_HeadlessChrome.java:13)
at tests.TC08_HeadlessChrome.HeadlessChrome(TC08_HeadlessChrome.java:13)
at tests.TC08_HeadlessChrome.HeadlessChrome(TC08_HeadlessChrome.java:13)
at tests.TC08_HeadlessChrome.HeadlessChrome(TC08_HeadlessChrome.java:13)
at tests.TC08_HeadlessChrome.HeadlessChrome(TC08_HeadlessChrome.java:13)
at tests.TC08_HeadlessChrome.HeadlessChrome(TC08_HeadlessChrome.java:13)
at tests.TC08_HeadlessChrome.HeadlessChrome(TC08_HeadlessChrome.java:13)
at tests.TC08_HeadlessChrome.HeadlessChrome(TC08_HeadlessChrome.java:13)
at tests.TC08_HeadlessChrome.HeadlessChrome(TC08_HeadlessChrome.java:13)
at tests.TC08_HeadlessChrome.HeadlessChrome(TC08_HeadlessChrome.java:13)
at tests.TC08_HeadlessChrome.HeadlessChrome(TC08_HeadlessChrome.java:13)
at tests.TC08_HeadlessChrome.HeadlessChrome(TC08_HeadlessChrome.java:13)
at tests.TC08_HeadlessChrome.HeadlessChrome(TC08_HeadlessChrome.java:13)
at tests.TC08_HeadlessChrome.HeadlessChrome(TC08_HeadlessChrome.java:13)
at tests.TC08_HeadlessChrome.HeadlessChrome(TC08_HeadlessChrome.java:13)
at tests.TC08_HeadlessChrome.HeadlessChrome(TC08_HeadlessChrome.java:13)
at tests.TC08_HeadlessChrome.HeadlessChrome(TC08_HeadlessChrome.java:13)
at tests.TC08_HeadlessChrome.HeadlessChrome(TC08_HeadlessChrome.java:13)
at tests.TC08_HeadlessChrome.HeadlessChrome(TC08_HeadlessChrome.java:13)
at tests.TC08_HeadlessChrome.HeadlessChrome(TC08_HeadlessChrome.java:13)
at tests.TC08_HeadlessChrome.HeadlessChrome(TC08_HeadlessChrome.java:13)
at tests.TC08_HeadlessChrome.HeadlessChrome(TC08_HeadlessChrome.java:13)
at tests.TC08_HeadlessChrome.HeadlessChrome(TC08_HeadlessChrome.java:13)
at tests.TC08_HeadlessChrome.HeadlessChrome(TC08_HeadlessChrome.java:13)
at tests.TC08_HeadlessChrome.HeadlessChrome(TC08_HeadlessChrome.java:13)
at tests.TC08_HeadlessChrome.HeadlessChrome(TC08_HeadlessChrome.java:13)
at tests.TC08_HeadlessChrome.HeadlessChrome(TC08_HeadlessChrome.java:13)
at tests.TC08_HeadlessChrome.HeadlessChrome(TC08_HeadlessChrome.java:13)
at tests.TC08_HeadlessChrome.HeadlessChrome(TC08_HeadlessChrome.java:13)
at tests.TC08_HeadlessChrome.HeadlessChrome(TC08_HeadlessChrome.java:13)
at tests.TC08_HeadlessChrome.HeadlessChrome(TC08_HeadlessChrome.java:13)
at tests.TC08_HeadlessChrome.HeadlessChrome(TC08_HeadlessChrome.java:13)
at tests.TC08_HeadlessChrome.HeadlessChrome(TC08_HeadlessChrome.java:13)
at tests.TC08_HeadlessChrome.HeadlessChrome(TC08_HeadlessChrome.java:13)
at tests.TC08_HeadlessChrome.HeadlessChrome(TC08_HeadlessChrome.java:13)
at tests.TC08_HeadlessChrome.HeadlessChrome(TC08_HeadlessChrome.java:13)
at tests.TC08_HeadlessChrome.HeadlessChrome(TC08_HeadlessChrome.java:13)
at tests.TC08_HeadlessChrome.HeadlessChrome(TC08_HeadlessChrome.java:13)
at tests.TC08_HeadlessChrome.HeadlessChrome(TC08_HeadlessChrome.java:13)
at tests.TC08_HeadlessChrome.HeadlessChrome(TC08_HeadlessChrome.java:13)
at tests.TC08_HeadlessChrome.HeadlessChrome(TC08_HeadlessChrome.java:13)
at tests.TC08_HeadlessChrome.HeadlessChrome(TC08_HeadlessChrome.java:13)
at tests.TC08_HeadlessChrome.HeadlessChrome(TC08_HeadlessChrome.java:13)
at tests.TC08_HeadlessChrome.HeadlessChrome(TC08_HeadlessChrome.java:13)
at tests.TC08_HeadlessChrome.HeadlessChrome(TC08_HeadlessChrome.java:13)
at tests.TC08_HeadlessChrome.HeadlessChrome(TC08_HeadlessChrome.java:13)
at tests.TC08_HeadlessChrome.HeadlessChrome(TC08_HeadlessChrome.java:13)
at tests.TC08_HeadlessChrome.HeadlessChrome(TC08_HeadlessChrome.java:13)
at tests.TC08_HeadlessChrome.HeadlessChrome(TC08_HeadlessChrome.java:13)
at tests.TC08_HeadlessChrome.HeadlessChrome(TC08_HeadlessChrome.java:13)
at tests.TC08_HeadlessChrome.HeadlessChrome(TC08_HeadlessChrome.java:13)
at tests.TC08_HeadlessChrome.HeadlessChrome(TC08_HeadlessChrome.java:13)
at tests.TC08_HeadlessChrome.HeadlessChrome(TC08_HeadlessChrome.java:13)
at tests.TC08_HeadlessChrome.HeadlessChrome(TC08_HeadlessChrome.java:13)
at tests.TC08_HeadlessChrome.HeadlessChrome(TC08_HeadlessChrome.java:13)
at tests.TC08_HeadlessChrome.HeadlessChrome(TC08_HeadlessChrome.java:13)
at tests.TC08_HeadlessChrome.HeadlessChrome(TC08_HeadlessChrome.java:13)
at tests.TC08_HeadlessChrome.HeadlessChrome(TC08_HeadlessChrome.java:13)
at tests.TC08_HeadlessChrome.HeadlessChrome(TC08_HeadlessChrome.java:13)
at tests.TC08_HeadlessChrome.HeadlessChrome(TC08_HeadlessChrome.java:13)
at tests.TC08_HeadlessChrome.HeadlessChrome(TC08_HeadlessChrome.java:13)
at tests.TC08_HeadlessChrome.HeadlessChrome(TC08_HeadlessChrome.java:13)
at tests.TC08_HeadlessChrome.HeadlessChrome(TC08_HeadlessChrome.java:13)
at tests.TC08_HeadlessChrome.HeadlessChrome(TC08_HeadlessChrome.java:13)
at tests.TC08_HeadlessChrome.HeadlessChrome(TC08_HeadlessChrome.java:13)
at tests.TC08_HeadlessChrome.HeadlessChrome(TC08_HeadlessChrome.java:13)
at tests.TC08_HeadlessChrome.HeadlessChrome(TC08_HeadlessChrome.java:13)
at tests.TC08_HeadlessChrome.HeadlessChrome(TC08_HeadlessChrome.java:13)
at tests.TC08_HeadlessChrome.HeadlessChrome(TC08_HeadlessChrome.java:13)
at tests.TC08_HeadlessChrome.HeadlessChrome(TC08_HeadlessChrome.java:13)
at tests.TC08_HeadlessChrome.HeadlessChrome(TC08_HeadlessChrome.java:13)
at tests.TC08_HeadlessChrome.HeadlessChrome(TC08_HeadlessChrome.java:13)
at tests.TC08_HeadlessChrome.HeadlessChrome(TC08_HeadlessChrome.java:13)
at tests.TC08_HeadlessChrome.HeadlessChrome(TC08_HeadlessChrome.java:13)
at tests.TC08_HeadlessChrome.HeadlessChrome(TC08_HeadlessChrome.java:13)
at tests.TC08_HeadlessChrome.HeadlessChrome(TC08_HeadlessChrome.java:13)
at tests.TC08_HeadlessChrome.HeadlessChrome(TC08_HeadlessChrome.java:13)
at tests.TC08_HeadlessChrome.HeadlessChrome(TC08_HeadlessChrome.java:13)
at tests.TC08_HeadlessChrome.HeadlessChrome(TC08_HeadlessChrome.java:13)
at tests.TC08_HeadlessChrome.HeadlessChrome(TC08_HeadlessChrome.java:13)
at tests.TC08_HeadlessChrome.HeadlessChrome(TC08_HeadlessChrome.java:13)
at tests.TC08_HeadlessChrome.HeadlessChrome(TC08_HeadlessChrome.java:13)
at tests.TC08_HeadlessChrome.HeadlessChrome(TC08_HeadlessChrome.java:13)
at tests.TC08_HeadlessChrome.HeadlessChrome(TC08_HeadlessChrome.java:13)
at tests.TC08_HeadlessChrome.HeadlessChrome(TC08_HeadlessChrome.java:13)
at tests.TC08_HeadlessChrome.HeadlessChrome(TC08_HeadlessChrome.java:13)
at tests.TC08_HeadlessChrome.HeadlessChrome(TC08_HeadlessChrome.java:13)
at tests.TC08_HeadlessChrome.HeadlessChrome(TC08_HeadlessChrome.java:13)
at tests.TC08_HeadlessChrome.HeadlessChrome(TC08_HeadlessChrome.java:13)
at tests.TC08_HeadlessChrome.HeadlessChrome(TC08_HeadlessChrome.java:13)
at tests.TC08_HeadlessChrome.HeadlessChrome(TC08_HeadlessChrome.java:13)
at tests.TC08_HeadlessChrome.HeadlessChrome(TC08_HeadlessChrome.java:13)
at tests.TC08_HeadlessChrome.HeadlessChrome(TC08_HeadlessChrome.java:13)
at tests.TC08_HeadlessChrome.HeadlessChrome(TC08_HeadlessChrome.java:13)
at tests.TC08_HeadlessChrome.HeadlessChrome(TC08_HeadlessChrome.java:13)
at tests.TC08_HeadlessChrome.HeadlessChrome(TC08_HeadlessChrome.java:13)
at tests.TC08_HeadlessChrome.HeadlessChrome(TC08_HeadlessChrome.java:13)
at tests.TC08_HeadlessChrome.HeadlessChrome(TC08_HeadlessChrome.java:13)
at tests.TC08_HeadlessChrome.HeadlessChrome(TC08_HeadlessChrome.java:13)
at tests.TC08_HeadlessChrome.HeadlessChrome(TC08_HeadlessChrome.java:13)
at tests.TC08_HeadlessChrome.HeadlessChrome(TC08_HeadlessChrome.java:13)
at tests.TC08_HeadlessChrome.HeadlessChrome(TC08_HeadlessChrome.java:13)
at tests.TC08_HeadlessChrome.HeadlessChrome(TC08_HeadlessChrome.java:13)
at tests.TC08_HeadlessChrome.HeadlessChrome(TC08_HeadlessChrome.java:13)
at tests.TC08_HeadlessChrome.HeadlessChrome(TC08_HeadlessChrome.java:13)
at tests.TC08_HeadlessChrome.HeadlessChrome(TC08_HeadlessChrome.java:13)
at tests.TC08_HeadlessChrome.HeadlessChrome(TC08_HeadlessChrome.java:13)
at tests.TC08_HeadlessChrome.HeadlessChrome(TC08_HeadlessChrome.java:13)
at tests.TC08_HeadlessChrome.HeadlessChrome(TC08_HeadlessChrome.java:13)
at tests.TC08_HeadlessChrome.HeadlessChrome(TC08_HeadlessChrome.java:13)
at tests.TC08_HeadlessChrome.HeadlessChrome(TC08_HeadlessChrome.java:13)
at tests.TC08_HeadlessChrome.HeadlessChrome(TC08_HeadlessChrome.java:13)
at tests.TC08_HeadlessChrome.HeadlessChrome(TC08_HeadlessChrome.java:13)
at tests.TC08_HeadlessChrome.HeadlessChrome(TC08_HeadlessChrome.java:13)
at tests.TC08_HeadlessChrome.HeadlessChrome(TC08_HeadlessChrome.java:13)
at tests.TC08_HeadlessChrome.HeadlessChrome(TC08_HeadlessChrome.java:13)
at tests.TC08_HeadlessChrome.HeadlessChrome(TC08_HeadlessChrome.java:13)
at tests.TC08_HeadlessChrome.HeadlessChrome(TC08_HeadlessChrome.java:13)
at tests.TC08_HeadlessChrome.HeadlessChrome(TC08_HeadlessChrome.java:13)
at tests.TC08_HeadlessChrome.HeadlessChrome(TC08_HeadlessChrome.java:13)
at tests.TC08_HeadlessChrome.HeadlessChrome(TC08_HeadlessChrome.java:13)
at tests.TC08_HeadlessChrome.HeadlessChrome(TC08_HeadlessChrome.java:13)
at tests.TC08_HeadlessChrome.HeadlessChrome(TC08_HeadlessChrome.java:13)
at tests.TC08_HeadlessChrome.HeadlessChrome(TC08_HeadlessChrome.java:13)
at tests.TC08_HeadlessChrome.HeadlessChrome(TC08_HeadlessChrome.java:13)
at tests.TC08_HeadlessChrome.HeadlessChrome(TC08_HeadlessChrome.java:13)
at tests.TC08_HeadlessChrome.HeadlessChrome(TC08_HeadlessChrome.java:13)
at tests.TC08_HeadlessChrome.HeadlessChrome(TC08_HeadlessChrome.java:13)
at tests.TC08_HeadlessChrome.HeadlessChrome(TC08_HeadlessChrome.java:13)
at tests.TC08_HeadlessChrome.HeadlessChrome(TC08_HeadlessChrome.java:13)
at tests.TC08_HeadlessChrome.HeadlessChrome(TC08_HeadlessChrome.java:13)
at tests.TC08_HeadlessChrome.HeadlessChrome(TC08_HeadlessChrome.java:13)
at tests.TC08_HeadlessChrome.HeadlessChrome(TC08_HeadlessChrome.java:13)
at tests.TC08_HeadlessChrome.HeadlessChrome(TC08_HeadlessChrome.java:13)
at tests.TC08_HeadlessChrome.HeadlessChrome(TC08_HeadlessChrome.java:13)
at tests.TC08_HeadlessChrome.HeadlessChrome(TC08_HeadlessChrome.java:13)
at tests.TC08_HeadlessChrome.HeadlessChrome(TC08_HeadlessChrome.java:13)
at tests.TC08_HeadlessChrome.HeadlessChrome(TC08_HeadlessChrome.java:13)
at tests.TC08_HeadlessChrome.HeadlessChrome(TC08_HeadlessChrome.java:13)
at tests.TC08_HeadlessChrome.HeadlessChrome(TC08_HeadlessChrome.java:13)
at tests.TC08_HeadlessChrome.HeadlessChrome(TC08_HeadlessChrome.java:13)
at tests.TC08_HeadlessChrome.HeadlessChrome(TC08_HeadlessChrome.java:13)
at tests.TC08_HeadlessChrome.HeadlessChrome(TC08_HeadlessChrome.java:13)
at tests.TC08_HeadlessChrome.HeadlessChrome(TC08_HeadlessChrome.java:13)
at tests.TC08_HeadlessChrome.HeadlessChrome(TC08_HeadlessChrome.java:13)
at tests.TC08_HeadlessChrome.HeadlessChrome(TC08_HeadlessChrome.java:13)
at tests.TC08_HeadlessChrome.HeadlessChrome(TC08_HeadlessChrome.java:13)
at tests.TC08_HeadlessChrome.HeadlessChrome(TC08_HeadlessChrome.java:13)
at tests.TC08_HeadlessChrome.HeadlessChrome(TC08_HeadlessChrome.java:13)
at tests.TC08_HeadlessChrome.HeadlessChrome(TC08_HeadlessChrome.java:13)
at tests.TC08_HeadlessChrome.HeadlessChrome(TC08_HeadlessChrome.java:13)
at tests.TC08_HeadlessChrome.HeadlessChrome(TC08_HeadlessChrome.java:13)
at tests.TC08_HeadlessChrome.HeadlessChrome(TC08_HeadlessChrome.java:13)
at tests.TC08_HeadlessChrome.HeadlessChrome(TC08_HeadlessChrome.java:13)
at tests.TC08_HeadlessChrome.HeadlessChrome(TC08_HeadlessChrome.java:13)
at tests.TC08_HeadlessChrome.HeadlessChrome(TC08_HeadlessChrome.java:13)
at tests.TC08_HeadlessChrome.HeadlessChrome(TC08_HeadlessChrome.java:13)
at tests.TC08_HeadlessChrome.HeadlessChrome(TC08_HeadlessChrome.java:13)
at tests.TC08_HeadlessChrome.HeadlessChrome(TC08_HeadlessChrome.java:13)
at tests.TC08_HeadlessChrome.HeadlessChrome(TC08_HeadlessChrome.java:13)
at tests.TC08_HeadlessChrome.HeadlessChrome(TC08_HeadlessChrome.java:13)
at tests.TC08_HeadlessChrome.HeadlessChrome(TC08_HeadlessChrome.java:13)
at tests.TC08_HeadlessChrome.HeadlessChrome(TC08_HeadlessChrome.java:13)
at tests.TC08_HeadlessChrome.HeadlessChrome(TC08_HeadlessChrome.java:13)
at tests.TC08_HeadlessChrome.HeadlessChrome(TC08_HeadlessChrome.java:13)
at tests.TC08_HeadlessChrome.HeadlessChrome(TC08_HeadlessChrome.java:13)
at tests.TC08_HeadlessChrome.HeadlessChrome(TC08_HeadlessChrome.java:13)
at tests.TC08_HeadlessChrome.HeadlessChrome(TC08_HeadlessChrome.java:13)
at tests.TC08_HeadlessChrome.HeadlessChrome(TC08_HeadlessChrome.java:13)
at tests.TC08_HeadlessChrome.HeadlessChrome(TC08_HeadlessChrome.java:13)
at tests.TC08_HeadlessChrome.HeadlessChrome(TC08_HeadlessChrome.java:13)
at tests.TC08_HeadlessChrome.HeadlessChrome(TC08_HeadlessChrome.java:13)
at tests.TC08_HeadlessChrome.HeadlessChrome(TC08_HeadlessChrome.java:13)
at tests.TC08_HeadlessChrome.HeadlessChrome(TC08_HeadlessChrome.java:13)
at tests.TC08_HeadlessChrome.HeadlessChrome(TC08_HeadlessChrome.java:13)
at tests.TC08_HeadlessChrome.HeadlessChrome(TC08_HeadlessChrome.java:13)
at tests.TC08_HeadlessChrome.HeadlessChrome(TC08_HeadlessChrome.java:13)
at tests.TC08_HeadlessChrome.HeadlessChrome(TC08_HeadlessChrome.java:13)
at tests.TC08_HeadlessChrome.HeadlessChrome(TC08_HeadlessChrome.java:13)
at tests.TC08_HeadlessChrome.HeadlessChrome(TC08_HeadlessChrome.java:13)
at tests.TC08_HeadlessChrome.HeadlessChrome(TC08_HeadlessChrome.java:13)
at tests.TC08_HeadlessChrome.HeadlessChrome(TC08_HeadlessChrome.java:13)
at tests.TC08_HeadlessChrome.HeadlessChrome(TC08_HeadlessChrome.java:13)
at tests.TC08_HeadlessChrome.HeadlessChrome(TC08_HeadlessChrome.java:13)
at tests.TC08_HeadlessChrome.HeadlessChrome(TC08_HeadlessChrome.java:13)
at tests.TC08_HeadlessChrome.HeadlessChrome(TC08_HeadlessChrome.java:13)
at tests.TC08_HeadlessChrome.HeadlessChrome(TC08_HeadlessChrome.java:13)
at tests.TC08_HeadlessChrome.HeadlessChrome(TC08_HeadlessChrome.java:13)
at tests.TC08_HeadlessChrome.HeadlessChrome(TC08_HeadlessChrome.java:13)
at tests.TC08_HeadlessChrome.HeadlessChrome(TC08_HeadlessChrome.java:13)
at tests.TC08_HeadlessChrome.HeadlessChrome(TC08_HeadlessChrome.java:13)
at tests.TC08_HeadlessChrome.HeadlessChrome(TC08_HeadlessChrome.java:13)
at tests.TC08_HeadlessChrome.HeadlessChrome(TC08_HeadlessChrome.java:13)
at tests.TC08_HeadlessChrome.HeadlessChrome(TC08_HeadlessChrome.java:13)
at tests.TC08_HeadlessChrome.HeadlessChrome(TC08_HeadlessChrome.java:13)
at tests.TC08_HeadlessChrome.HeadlessChrome(TC08_HeadlessChrome.java:13)
at tests.TC08_HeadlessChrome.HeadlessChrome(TC08_HeadlessChrome.java:13)
at tests.TC08_HeadlessChrome.HeadlessChrome(TC08_HeadlessChrome.java:13)
at tests.TC08_HeadlessChrome.HeadlessChrome(TC08_HeadlessChrome.java:13)
at tests.TC08_HeadlessChrome.HeadlessChrome(TC08_HeadlessChrome.java:13)
at tests.TC08_HeadlessChrome.HeadlessChrome(TC08_HeadlessChrome.java:13)
at tests.TC08_HeadlessChrome.HeadlessChrome(TC08_HeadlessChrome.java:13)
at tests.TC08_HeadlessChrome.HeadlessChrome(TC08_HeadlessChrome.java:13)
at tests.TC08_HeadlessChrome.HeadlessChrome(TC08_HeadlessChrome.java:13)
at tests.TC08_HeadlessChrome.HeadlessChrome(TC08_HeadlessChrome.java:13)
at tests.TC08_HeadlessChrome.HeadlessChrome(TC08_HeadlessChrome.java:13)
at tests.TC08_HeadlessChrome.HeadlessChrome(TC08_HeadlessChrome.java:13)
at tests.TC08_HeadlessChrome.HeadlessChrome(TC08_HeadlessChrome.java:13)
at tests.TC08_HeadlessChrome.HeadlessChrome(TC08_HeadlessChrome.java:13)
at tests.TC08_HeadlessChrome.HeadlessChrome(TC08_HeadlessChrome.java:13)
at tests.TC08_HeadlessChrome.HeadlessChrome(TC08_HeadlessChrome.java:13)
at tests.TC08_HeadlessChrome.HeadlessChrome(TC08_HeadlessChrome.java:13)
at tests.TC08_HeadlessChrome.HeadlessChrome(TC08_HeadlessChrome.java:13)
at tests.TC08_HeadlessChrome.HeadlessChrome(TC08_HeadlessChrome.java:13)
at tests.TC08_HeadlessChrome.HeadlessChrome(TC08_HeadlessChrome.java:13)
at tests.TC08_HeadlessChrome.HeadlessChrome(TC08_HeadlessChrome.java:13)
at tests.TC08_HeadlessChrome.HeadlessChrome(TC08_HeadlessChrome.java:13)
at tests.TC08_HeadlessChrome.HeadlessChrome(TC08_HeadlessChrome.java:13)
at tests.TC08_HeadlessChrome.HeadlessChrome(TC08_HeadlessChrome.java:13)
at tests.TC08_HeadlessChrome.HeadlessChrome(TC08_HeadlessChrome.java:13)
at tests.TC08_HeadlessChrome.HeadlessChrome(TC08_HeadlessChrome.java:13)
at tests.TC08_HeadlessChrome.HeadlessChrome(TC08_HeadlessChrome.java:13)
at tests.TC08_HeadlessChrome.HeadlessChrome(TC08_HeadlessChrome.java:13)
at tests.TC08_HeadlessChrome.HeadlessChrome(TC08_HeadlessChrome.java:13)
at tests.TC08_HeadlessChrome.HeadlessChrome(TC08_HeadlessChrome.java:13)
at tests.TC08_HeadlessChrome.HeadlessChrome(TC08_HeadlessChrome.java:13)
at tests.TC08_HeadlessChrome.HeadlessChrome(TC08_HeadlessChrome.java:13)
at tests.TC08_HeadlessChrome.HeadlessChrome(TC08_HeadlessChrome.java:13)
at tests.TC08_HeadlessChrome.HeadlessChrome(TC08_HeadlessChrome.java:13)
at tests.TC08_HeadlessChrome.HeadlessChrome(TC08_HeadlessChrome.java:13)
at tests.TC08_HeadlessChrome.HeadlessChrome(TC08_HeadlessChrome.java:13)
at tests.TC08_HeadlessChrome.HeadlessChrome(TC08_HeadlessChrome.java:13)
at tests.TC08_HeadlessChrome.HeadlessChrome(TC08_HeadlessChrome.java:13)
at tests.TC08_HeadlessChrome.HeadlessChrome(TC08_HeadlessChrome.java:13)
at tests.TC08_HeadlessChrome.HeadlessChrome(TC08_HeadlessChrome.java:13)
at tests.TC08_HeadlessChrome.HeadlessChrome(TC08_HeadlessChrome.java:13)
at tests.TC08_HeadlessChrome.HeadlessChrome(TC08_HeadlessChrome.java:13)
at tests.TC08_HeadlessChrome.HeadlessChrome(TC08_HeadlessChrome.java:13)
at tests.TC08_HeadlessChrome.HeadlessChrome(TC08_HeadlessChrome.java:13)
at tests.TC08_HeadlessChrome.HeadlessChrome(TC08_HeadlessChrome.java:13)
at tests.TC08_HeadlessChrome.HeadlessChrome(TC08_HeadlessChrome.java:13)
at tests.TC08_HeadlessChrome.HeadlessChrome(TC08_HeadlessChrome.java:13)
at tests.TC08_HeadlessChrome.HeadlessChrome(TC08_HeadlessChrome.java:13)
at tests.TC08_HeadlessChrome.HeadlessChrome(TC08_HeadlessChrome.java:13)
at tests.TC08_HeadlessChrome.HeadlessChrome(TC08_HeadlessChrome.java:13)
at tests.TC08_HeadlessChrome.HeadlessChrome(TC08_HeadlessChrome.java:13)
at tests.TC08_HeadlessChrome.HeadlessChrome(TC08_HeadlessChrome.java:13)
at tests.TC08_HeadlessChrome.HeadlessChrome(TC08_HeadlessChrome.java:13)
at tests.TC08_HeadlessChrome.HeadlessChrome(TC08_HeadlessChrome.java:13)
at tests.TC08_HeadlessChrome.HeadlessChrome(TC08_HeadlessChrome.java:13)
at tests.TC08_HeadlessChrome.HeadlessChrome(TC08_HeadlessChrome.java:13)
at tests.TC08_HeadlessChrome.HeadlessChrome(TC08_HeadlessChrome.java:13)
at tests.TC08_HeadlessChrome.HeadlessChrome(TC08_HeadlessChrome.java:13)
at tests.TC08_HeadlessChrome.HeadlessChrome(TC08_HeadlessChrome.java:13)
at tests.TC08_HeadlessChrome.HeadlessChrome(TC08_HeadlessChrome.java:13)
at tests.TC08_HeadlessChrome.HeadlessChrome(TC08_HeadlessChrome.java:13)
at tests.TC08_HeadlessChrome.HeadlessChrome(TC08_HeadlessChrome.java:13)
at tests.TC08_HeadlessChrome.HeadlessChrome(TC08_HeadlessChrome.java:13)
at tests.TC08_HeadlessChrome.HeadlessChrome(TC08_HeadlessChrome.java:13)
at tests.TC08_HeadlessChrome.HeadlessChrome(TC08_HeadlessChrome.java:13)
at tests.TC08_HeadlessChrome.HeadlessChrome(TC08_HeadlessChrome.java:13)
at tests.TC08_HeadlessChrome.HeadlessChrome(TC08_HeadlessChrome.java:13)
at tests.TC08_HeadlessChrome.HeadlessChrome(TC08_HeadlessChrome.java:13)
at tests.TC08_HeadlessChrome.HeadlessChrome(TC08_HeadlessChrome.java:13)
at tests.TC08_HeadlessChrome.HeadlessChrome(TC08_HeadlessChrome.java:13)
at tests.TC08_HeadlessChrome.HeadlessChrome(TC08_HeadlessChrome.java:13)
at tests.TC08_HeadlessChrome.HeadlessChrome(TC08_HeadlessChrome.java:13)
at tests.TC08_HeadlessChrome.HeadlessChrome(TC08_HeadlessChrome.java:13)
at tests.TC08_HeadlessChrome.HeadlessChrome(TC08_HeadlessChrome.java:13)
at tests.TC08_HeadlessChrome.HeadlessChrome(TC08_HeadlessChrome.java:13)
at tests.TC08_HeadlessChrome.HeadlessChrome(TC08_HeadlessChrome.java:13)
at tests.TC08_HeadlessChrome.HeadlessChrome(TC08_HeadlessChrome.java:13)
at tests.TC08_HeadlessChrome.HeadlessChrome(TC08_HeadlessChrome.java:13)
at tests.TC08_HeadlessChrome.HeadlessChrome(TC08_HeadlessChrome.java:13)
at tests.TC08_HeadlessChrome.HeadlessChrome(TC08_HeadlessChrome.java:13)
at tests.TC08_HeadlessChrome.HeadlessChrome(TC08_HeadlessChrome.java:13)
at tests.TC08_HeadlessChrome.HeadlessChrome(TC08_HeadlessChrome.java:13)
at tests.TC08_HeadlessChrome.HeadlessChrome(TC08_HeadlessChrome.java:13)
at tests.TC08_HeadlessChrome.HeadlessChrome(TC08_HeadlessChrome.java:13)
at tests.TC08_HeadlessChrome.HeadlessChrome(TC08_HeadlessChrome.java:13)
at tests.TC08_HeadlessChrome.HeadlessChrome(TC08_HeadlessChrome.java:13)
at tests.TC08_HeadlessChrome.HeadlessChrome(TC08_HeadlessChrome.java:13)
at tests.TC08_HeadlessChrome.HeadlessChrome(TC08_HeadlessChrome.java:13)
at tests.TC08_HeadlessChrome.HeadlessChrome(TC08_HeadlessChrome.java:13)
at tests.TC08_HeadlessChrome.HeadlessChrome(TC08_HeadlessChrome.java:13)
at tests.TC08_HeadlessChrome.HeadlessChrome(TC08_HeadlessChrome.java:13)
at tests.TC08_HeadlessChrome.HeadlessChrome(TC08_HeadlessChrome.java:13)
at tests.TC08_HeadlessChrome.HeadlessChrome(TC08_HeadlessChrome.java:13)
at tests.TC08_HeadlessChrome.HeadlessChrome(TC08_HeadlessChrome.java:13)
at tests.TC08_HeadlessChrome.HeadlessChrome(TC08_HeadlessChrome.java:13)
at tests.TC08_HeadlessChrome.HeadlessChrome(TC08_HeadlessChrome.java:13)
at tests.TC08_HeadlessChrome.HeadlessChrome(TC08_HeadlessChrome.java:13)
at tests.TC08_HeadlessChrome.HeadlessChrome(TC08_HeadlessChrome.java:13)
at tests.TC08_HeadlessChrome.HeadlessChrome(TC08_HeadlessChrome.java:13)
at tests.TC08_HeadlessChrome.HeadlessChrome(TC08_HeadlessChrome.java:13)
at tests.TC08_HeadlessChrome.HeadlessChrome(TC08_HeadlessChrome.java:13)
at tests.TC08_HeadlessChrome.HeadlessChrome(TC08_HeadlessChrome.java:13)
at tests.TC08_HeadlessChrome.HeadlessChrome(TC08_HeadlessChrome.java:13)
at tests.TC08_HeadlessChrome.HeadlessChrome(TC08_HeadlessChrome.java:13)
at tests.TC08_HeadlessChrome.HeadlessChrome(TC08_HeadlessChrome.java:13)
at tests.TC08_HeadlessChrome.HeadlessChrome(TC08_HeadlessChrome.java:13)
at tests.TC08_HeadlessChrome.HeadlessChrome(TC08_HeadlessChrome.java:13)
at tests.TC08_HeadlessChrome.HeadlessChrome(TC08_HeadlessChrome.java:13)
at tests.TC08_HeadlessChrome.HeadlessChrome(TC08_HeadlessChrome.java:13)
at tests.TC08_HeadlessChrome.HeadlessChrome(TC08_HeadlessChrome.java:13)
at tests.TC08_HeadlessChrome.HeadlessChrome(TC08_HeadlessChrome.java:13)
at tests.TC08_HeadlessChrome.HeadlessChrome(TC08_HeadlessChrome.java:13)
at tests.TC08_HeadlessChrome.HeadlessChrome(TC08_HeadlessChrome.java:13)
at tests.TC08_HeadlessChrome.HeadlessChrome(TC08_HeadlessChrome.java:13)
at tests.TC08_HeadlessChrome.HeadlessChrome(TC08_HeadlessChrome.java:13)
at tests.TC08_HeadlessChrome.HeadlessChrome(TC08_HeadlessChrome.java:13)
at tests.TC08_HeadlessChrome.HeadlessChrome(TC08_HeadlessChrome.java:13)
at tests.TC08_HeadlessChrome.HeadlessChrome(TC08_HeadlessChrome.java:13)
at tests.TC08_HeadlessChrome.HeadlessChrome(TC08_HeadlessChrome.java:13)
at tests.TC08_HeadlessChrome.HeadlessChrome(TC08_HeadlessChrome.java:13)
at tests.TC08_HeadlessChrome.HeadlessChrome(TC08_HeadlessChrome.java:13)
at tests.TC08_HeadlessChrome.HeadlessChrome(TC08_HeadlessChrome.java:13)
at tests.TC08_HeadlessChrome.HeadlessChrome(TC08_HeadlessChrome.java:13)
at tests.TC08_HeadlessChrome.HeadlessChrome(TC08_HeadlessChrome.java:13)
at tests.TC08_HeadlessChrome.HeadlessChrome(TC08_HeadlessChrome.java:13)
at tests.TC08_HeadlessChrome.HeadlessChrome(TC08_HeadlessChrome.java:13)
at tests.TC08_HeadlessChrome.HeadlessChrome(TC08_HeadlessChrome.java:13)
at tests.TC08_HeadlessChrome.HeadlessChrome(TC08_HeadlessChrome.java:13)
at tests.TC08_HeadlessChrome.HeadlessChrome(TC08_HeadlessChrome.java:13)
at tests.TC08_HeadlessChrome.HeadlessChrome(TC08_HeadlessChrome.java:13)
at tests.TC08_HeadlessChrome.HeadlessChrome(TC08_HeadlessChrome.java:13)
at tests.TC08_HeadlessChrome.HeadlessChrome(TC08_HeadlessChrome.java:13)
at tests.TC08_HeadlessChrome.HeadlessChrome(TC08_HeadlessChrome.java:13)
at tests.TC08_HeadlessChrome.HeadlessChrome(TC08_HeadlessChrome.java:13)
at tests.TC08_HeadlessChrome.HeadlessChrome(TC08_HeadlessChrome.java:13)
at tests.TC08_HeadlessChrome.HeadlessChrome(TC08_HeadlessChrome.java:13)
at tests.TC08_HeadlessChrome.HeadlessChrome(TC08_HeadlessChrome.java:13)
at tests.TC08_HeadlessChrome.HeadlessChrome(TC08_HeadlessChrome.java:13)
at tests.TC08_HeadlessChrome.HeadlessChrome(TC08_HeadlessChrome.java:13)
at tests.TC08_HeadlessChrome.HeadlessChrome(TC08_HeadlessChrome.java:13)
at tests.TC08_HeadlessChrome.HeadlessChrome(TC08_HeadlessChrome.java:13)
at tests.TC08_HeadlessChrome.HeadlessChrome(TC08_HeadlessChrome.java:13)
at tests.TC08_HeadlessChrome.HeadlessChrome(TC08_HeadlessChrome.java:13)
at tests.TC08_HeadlessChrome.HeadlessChrome(TC08_HeadlessChrome.java:13)
at tests.TC08_HeadlessChrome.HeadlessChrome(TC08_HeadlessChrome.java:13)
at tests.TC08_HeadlessChrome.HeadlessChrome(TC08_HeadlessChrome.java:13)
at tests.TC08_HeadlessChrome.HeadlessChrome(TC08_HeadlessChrome.java:13)
at tests.TC08_HeadlessChrome.HeadlessChrome(TC08_HeadlessChrome.java:13)
at tests.TC08_HeadlessChrome.HeadlessChrome(TC08_HeadlessChrome.java:13)
at tests.TC08_HeadlessChrome.HeadlessChrome(TC08_HeadlessChrome.java:13)
at tests.TC08_HeadlessChrome.HeadlessChrome(TC08_HeadlessChrome.java:13)
at tests.TC08_HeadlessChrome.HeadlessChrome(TC08_HeadlessChrome.java:13)
at tests.TC08_HeadlessChrome.HeadlessChrome(TC08_HeadlessChrome.java:13)
at tests.TC08_HeadlessChrome.HeadlessChrome(TC08_HeadlessChrome.java:13)
at tests.TC08_HeadlessChrome.HeadlessChrome(TC08_HeadlessChrome.java:13)
at tests.TC08_HeadlessChrome.HeadlessChrome(TC08_HeadlessChrome.java:13)
at tests.TC08_HeadlessChrome.HeadlessChrome(TC08_HeadlessChrome.java:13)
at tests.TC08_HeadlessChrome.HeadlessChrome(TC08_HeadlessChrome.java:13)
at tests.TC08_HeadlessChrome.HeadlessChrome(TC08_HeadlessChrome.java:13)
at tests.TC08_HeadlessChrome.HeadlessChrome(TC08_HeadlessChrome.java:13)
at tests.TC08_HeadlessChrome.HeadlessChrome(TC08_HeadlessChrome.java:13)
at tests.TC08_HeadlessChrome.HeadlessChrome(TC08_HeadlessChrome.java:13)
at tests.TC08_HeadlessChrome.HeadlessChrome(TC08_HeadlessChrome.java:13)
at tests.TC08_HeadlessChrome.HeadlessChrome(TC08_HeadlessChrome.java:13)
at tests.TC08_HeadlessChrome.HeadlessChrome(TC08_HeadlessChrome.java:13)
at tests.TC08_HeadlessChrome.HeadlessChrome(TC08_HeadlessChrome.java:13)
at tests.TC08_HeadlessChrome.HeadlessChrome(TC08_HeadlessChrome.java:13)
at tests.TC08_HeadlessChrome.HeadlessChrome(TC08_HeadlessChrome.java:13)
at tests.TC08_HeadlessChrome.HeadlessChrome(TC08_HeadlessChrome.java:13)
at tests.TC08_HeadlessChrome.HeadlessChrome(TC08_HeadlessChrome.java:13)
at tests.TC08_HeadlessChrome.HeadlessChrome(TC08_HeadlessChrome.java:13)
at tests.TC08_HeadlessChrome.HeadlessChrome(TC08_HeadlessChrome.java:13)
at tests.TC08_HeadlessChrome.HeadlessChrome(TC08_HeadlessChrome.java:13)
at tests.TC08_HeadlessChrome.HeadlessChrome(TC08_HeadlessChrome.java:13)
at tests.TC08_HeadlessChrome.HeadlessChrome(TC08_HeadlessChrome.java:13)
at tests.TC08_HeadlessChrome.HeadlessChrome(TC08_HeadlessChrome.java:13)
at tests.TC08_HeadlessChrome.HeadlessChrome(TC08_HeadlessChrome.java:13)
at tests.TC08_HeadlessChrome.HeadlessChrome(TC08_HeadlessChrome.java:13)
at tests.TC08_HeadlessChrome.HeadlessChrome(TC08_HeadlessChrome.java:13)
at tests.TC08_HeadlessChrome.HeadlessChrome(TC08_HeadlessChrome.java:13)
at tests.TC08_HeadlessChrome.HeadlessChrome(TC08_HeadlessChrome.java:13)
at tests.TC08_HeadlessChrome.HeadlessChrome(TC08_HeadlessChrome.java:13)
at tests.TC08_HeadlessChrome.HeadlessChrome(TC08_HeadlessChrome.java:13)
at tests.TC08_HeadlessChrome.HeadlessChrome(TC08_HeadlessChrome.java:13)
at tests.TC08_HeadlessChrome.HeadlessChrome(TC08_HeadlessChrome.java:13)
at tests.TC08_HeadlessChrome.HeadlessChrome(TC08_HeadlessChrome.java:13)
at tests.TC08_HeadlessChrome.HeadlessChrome(TC08_HeadlessChrome.java:13)
at tests.TC08_HeadlessChrome.HeadlessChrome(TC08_HeadlessChrome.java:13)
at tests.TC08_HeadlessChrome.HeadlessChrome(TC08_HeadlessChrome.java:13)
at tests.TC08_HeadlessChrome.HeadlessChrome(TC08_HeadlessChrome.java:13)
at tests.TC08_HeadlessChrome.HeadlessChrome(TC08_HeadlessChrome.java:13)
at tests.TC08_HeadlessChrome.HeadlessChrome(TC08_HeadlessChrome.java:13)
at tests.TC08_HeadlessChrome.HeadlessChrome(TC08_HeadlessChrome.java:13)
at tests.TC08_HeadlessChrome.HeadlessChrome(TC08_HeadlessChrome.java:13)
at tests.TC08_HeadlessChrome.HeadlessChrome(TC08_HeadlessChrome.java:13)
at tests.TC08_HeadlessChrome.HeadlessChrome(TC08_HeadlessChrome.java:13)
at tests.TC08_HeadlessChrome.HeadlessChrome(TC08_HeadlessChrome.java:13)
at tests.TC08_HeadlessChrome.HeadlessChrome(TC08_HeadlessChrome.java:13)
at tests.TC08_HeadlessChrome.HeadlessChrome(TC08_HeadlessChrome.java:13)
at tests.TC08_HeadlessChrome.HeadlessChrome(TC08_HeadlessChrome.java:13)
at tests.TC08_HeadlessChrome.HeadlessChrome(TC08_HeadlessChrome.java:13)
at tests.TC08_HeadlessChrome.HeadlessChrome(TC08_HeadlessChrome.java:13)
at tests.TC08_HeadlessChrome.HeadlessChrome(TC08_HeadlessChrome.java:13)
at tests.TC08_HeadlessChrome.HeadlessChrome(TC08_HeadlessChrome.java:13)
at tests.TC08_HeadlessChrome.HeadlessChrome(TC08_HeadlessChrome.java:13)
at tests.TC08_HeadlessChrome.HeadlessChrome(TC08_HeadlessChrome.java:13)
at tests.TC08_HeadlessChrome.HeadlessChrome(TC08_HeadlessChrome.java:13)
at tests.TC08_HeadlessChrome.HeadlessChrome(TC08_HeadlessChrome.java:13)
at tests.TC08_HeadlessChrome.HeadlessChrome(TC08_HeadlessChrome.java:13)
at tests.TC08_HeadlessChrome.HeadlessChrome(TC08_HeadlessChrome.java:13)
at tests.TC08_HeadlessChrome.HeadlessChrome(TC08_HeadlessChrome.java:13)
at tests.TC08_HeadlessChrome.HeadlessChrome(TC08_HeadlessChrome.java:13)
at tests.TC08_HeadlessChrome.HeadlessChrome(TC08_HeadlessChrome.java:13)
at tests.TC08_HeadlessChrome.HeadlessChrome(TC08_HeadlessChrome.java:13)
at tests.TC08_HeadlessChrome.HeadlessChrome(TC08_HeadlessChrome.java:13)
at tests.TC08_HeadlessChrome.HeadlessChrome(TC08_HeadlessChrome.java:13)
at tests.TC08_HeadlessChrome.HeadlessChrome(TC08_HeadlessChrome.java:13)
at tests.TC08_HeadlessChrome.HeadlessChrome(TC08_HeadlessChrome.java:13)
at tests.TC08_HeadlessChrome.HeadlessChrome(TC08_HeadlessChrome.java:13)
at tests.TC08_HeadlessChrome.HeadlessChrome(TC08_HeadlessChrome.java:13)
at tests.TC08_HeadlessChrome.HeadlessChrome(TC08_HeadlessChrome.java:13)
at tests.TC08_HeadlessChrome.HeadlessChrome(TC08_HeadlessChrome.java:13)
at tests.TC08_HeadlessChrome.HeadlessChrome(TC08_HeadlessChrome.java:13)
at tests.TC08_HeadlessChrome.HeadlessChrome(TC08_HeadlessChrome.java:13)
at tests.TC08_HeadlessChrome.HeadlessChrome(TC08_HeadlessChrome.java:13)
at tests.TC08_HeadlessChrome.HeadlessChrome(TC08_HeadlessChrome.java:13)
at tests.TC08_HeadlessChrome.HeadlessChrome(TC08_HeadlessChrome.java:13)
at tests.TC08_HeadlessChrome.HeadlessChrome(TC08_HeadlessChrome.java:13)
at tests.TC08_HeadlessChrome.HeadlessChrome(TC08_HeadlessChrome.java:13)
at tests.TC08_HeadlessChrome.HeadlessChrome(TC08_HeadlessChrome.java:13)
at tests.TC08_HeadlessChrome.HeadlessChrome(TC08_HeadlessChrome.java:13)
at tests.TC08_HeadlessChrome.HeadlessChrome(TC08_HeadlessChrome.java:13)
at tests.TC08_HeadlessChrome.HeadlessChrome(TC08_HeadlessChrome.java:13)
at tests.TC08_HeadlessChrome.HeadlessChrome(TC08_HeadlessChrome.java:13)
at tests.TC08_HeadlessChrome.HeadlessChrome(TC08_HeadlessChrome.java:13)
at tests.TC08_HeadlessChrome.HeadlessChrome(TC08_HeadlessChrome.java:13)
at tests.TC08_HeadlessChrome.HeadlessChrome(TC08_HeadlessChrome.java:13)
at tests.TC08_HeadlessChrome.HeadlessChrome(TC08_HeadlessChrome.java:13)
at tests.TC08_HeadlessChrome.HeadlessChrome(TC08_HeadlessChrome.java:13)
at tests.TC08_HeadlessChrome.HeadlessChrome(TC08_HeadlessChrome.java:13)
at tests.TC08_HeadlessChrome.HeadlessChrome(TC08_HeadlessChrome.java:13)
at tests.TC08_HeadlessChrome.HeadlessChrome(TC08_HeadlessChrome.java:13)
at tests.TC08_HeadlessChrome.HeadlessChrome(TC08_HeadlessChrome.java:13)
at tests.TC08_HeadlessChrome.HeadlessChrome(TC08_HeadlessChrome.java:13)
at tests.TC08_HeadlessChrome.HeadlessChrome(TC08_HeadlessChrome.java:13)
at tests.TC08_HeadlessChrome.HeadlessChrome(TC08_HeadlessChrome.java:13)
at tests.TC08_HeadlessChrome.HeadlessChrome(TC08_HeadlessChrome.java:13)
at tests.TC08_HeadlessChrome.HeadlessChrome(TC08_HeadlessChrome.java:13)
at tests.TC08_HeadlessChrome.HeadlessChrome(TC08_HeadlessChrome.java:13)
at tests.TC08_HeadlessChrome.HeadlessChrome(TC08_HeadlessChrome.java:13)
at tests.TC08_HeadlessChrome.HeadlessChrome(TC08_HeadlessChrome.java:13)
at tests.TC08_HeadlessChrome.HeadlessChrome(TC08_HeadlessChrome.java:13)
at tests.TC08_HeadlessChrome.HeadlessChrome(TC08_HeadlessChrome.java:13)
at tests.TC08_HeadlessChrome.HeadlessChrome(TC08_HeadlessChrome.java:13)
at tests.TC08_HeadlessChrome.HeadlessChrome(TC08_HeadlessChrome.java:13)
at tests.TC08_HeadlessChrome.HeadlessChrome(TC08_HeadlessChrome.java:13)
at tests.TC08_HeadlessChrome.HeadlessChrome(TC08_HeadlessChrome.java:13)
at tests.TC08_HeadlessChrome.HeadlessChrome(TC08_HeadlessChrome.java:13)
at tests.TC08_HeadlessChrome.HeadlessChrome(TC08_HeadlessChrome.java:13)
at tests.TC08_HeadlessChrome.HeadlessChrome(TC08_HeadlessChrome.java:13)
at tests.TC08_HeadlessChrome.HeadlessChrome(TC08_HeadlessChrome.java:13)
at tests.TC08_HeadlessChrome.HeadlessChrome(TC08_HeadlessChrome.java:13)
at tests.TC08_HeadlessChrome.HeadlessChrome(TC08_HeadlessChrome.java:13)
at tests.TC08_HeadlessChrome.HeadlessChrome(TC08_HeadlessChrome.java:13)
at tests.TC08_HeadlessChrome.HeadlessChrome(TC08_HeadlessChrome.java:13)
at tests.TC08_HeadlessChrome.HeadlessChrome(TC08_HeadlessChrome.java:13)
at tests.TC08_HeadlessChrome.HeadlessChrome(TC08_HeadlessChrome.java:13)
at tests.TC08_HeadlessChrome.HeadlessChrome(TC08_HeadlessChrome.java:13)
at tests.TC08_HeadlessChrome.HeadlessChrome(TC08_HeadlessChrome.java:13)
at tests.TC08_HeadlessChrome.HeadlessChrome(TC08_HeadlessChrome.java:13)
at tests.TC08_HeadlessChrome.HeadlessChrome(TC08_HeadlessChrome.java:13)
at tests.TC08_HeadlessChrome.HeadlessChrome(TC08_HeadlessChrome.java:13)
at tests.TC08_HeadlessChrome.HeadlessChrome(TC08_HeadlessChrome.java:13)
at tests.TC08_HeadlessChrome.HeadlessChrome(TC08_HeadlessChrome.java:13)
at tests.TC08_HeadlessChrome.HeadlessChrome(TC08_HeadlessChrome.java:13)
at tests.TC08_HeadlessChrome.HeadlessChrome(TC08_HeadlessChrome.java:13)
at tests.TC08_HeadlessChrome.HeadlessChrome(TC08_HeadlessChrome.java:13)
at tests.TC08_HeadlessChrome.HeadlessChrome(TC08_HeadlessChrome.java:13)
at tests.TC08_HeadlessChrome.HeadlessChrome(TC08_HeadlessChrome.java:13)
at tests.TC08_HeadlessChrome.HeadlessChrome(TC08_HeadlessChrome.java:13)
at tests.TC08_HeadlessChrome.HeadlessChrome(TC08_HeadlessChrome.java:13)
at tests.TC08_HeadlessChrome.HeadlessChrome(TC08_HeadlessChrome.java:13)
at tests.TC08_HeadlessChrome.HeadlessChrome(TC08_HeadlessChrome.java:13)
at tests.TC08_HeadlessChrome.HeadlessChrome(TC08_HeadlessChrome.java:13)
at tests.TC08_HeadlessChrome.HeadlessChrome(TC08_HeadlessChrome.java:13)
at tests.TC08_HeadlessChrome.HeadlessChrome(TC08_HeadlessChrome.java:13)
at tests.TC08_HeadlessChrome.HeadlessChrome(TC08_HeadlessChrome.java:13)
at tests.TC08_HeadlessChrome.HeadlessChrome(TC08_HeadlessChrome.java:13)
at tests.TC08_HeadlessChrome.HeadlessChrome(TC08_HeadlessChrome.java:13)
at tests.TC08_HeadlessChrome.HeadlessChrome(TC08_HeadlessChrome.java:13)
at tests.TC08_HeadlessChrome.HeadlessChrome(TC08_HeadlessChrome.java:13)
at tests.TC08_HeadlessChrome.HeadlessChrome(TC08_HeadlessChrome.java:13)
at tests.TC08_HeadlessChrome.HeadlessChrome(TC08_HeadlessChrome.java:13)
at tests.TC08_HeadlessChrome.HeadlessChrome(TC08_HeadlessChrome.java:13)
at tests.TC08_HeadlessChrome.HeadlessChrome(TC08_HeadlessChrome.java:13)
at tests.TC08_HeadlessChrome.HeadlessChrome(TC08_HeadlessChrome.java:13)
at tests.TC08_HeadlessChrome.HeadlessChrome(TC08_HeadlessChrome.java:13)
at tests.TC08_HeadlessChrome.HeadlessChrome(TC08_HeadlessChrome.java:13)
at tests.TC08_HeadlessChrome.HeadlessChrome(TC08_HeadlessChrome.java:13)
at tests.TC08_HeadlessChrome.HeadlessChrome(TC08_HeadlessChrome.java:13)
at tests.TC08_HeadlessChrome.HeadlessChrome(TC08_HeadlessChrome.java:13)
at tests.TC08_HeadlessChrome.HeadlessChrome(TC08_HeadlessChrome.java:13)
at tests.TC08_HeadlessChrome.HeadlessChrome(TC08_HeadlessChrome.java:13)
at tests.TC08_HeadlessChrome.HeadlessChrome(TC08_HeadlessChrome.java:13)
at tests.TC08_HeadlessChrome.HeadlessChrome(TC08_HeadlessChrome.java:13)
at tests.TC08_HeadlessChrome.HeadlessChrome(TC08_HeadlessChrome.java:13)
at tests.TC08_HeadlessChrome.HeadlessChrome(TC08_HeadlessChrome.java:13)
at tests.TC08_HeadlessChrome.HeadlessChrome(TC08_HeadlessChrome.java:13)
at tests.TC08_HeadlessChrome.HeadlessChrome(TC08_HeadlessChrome.java:13)
at tests.TC08_HeadlessChrome.HeadlessChrome(TC08_HeadlessChrome.java:13)
at tests.TC08_HeadlessChrome.HeadlessChrome(TC08_HeadlessChrome.java:13)
at tests.TC08_HeadlessChrome.HeadlessChrome(TC08_HeadlessChrome.java:13)
at tests.TC08_HeadlessChrome.HeadlessChrome(TC08_HeadlessChrome.java:13)
at tests.TC08_HeadlessChrome.HeadlessChrome(TC08_HeadlessChrome.java:13)
at tests.TC08_HeadlessChrome.HeadlessChrome(TC08_HeadlessChrome.java:13)
at tests.TC08_HeadlessChrome.HeadlessChrome(TC08_HeadlessChrome.java:13)
at tests.TC08_HeadlessChrome.HeadlessChrome(TC08_HeadlessChrome.java:13)
at tests.TC08_HeadlessChrome.HeadlessChrome(TC08_HeadlessChrome.java:13)
at tests.TC08_HeadlessChrome.HeadlessChrome(TC08_HeadlessChrome.java:13)
at tests.TC08_HeadlessChrome.HeadlessChrome(TC08_HeadlessChrome.java:13)
at tests.TC08_HeadlessChrome.HeadlessChrome(TC08_HeadlessChrome.java:13)
at tests.TC08_HeadlessChrome.HeadlessChrome(TC08_HeadlessChrome.java:13)
at tests.TC08_HeadlessChrome.HeadlessChrome(TC08_HeadlessChrome.java:13)
at tests.TC08_HeadlessChrome.HeadlessChrome(TC08_HeadlessChrome.java:13)
at tests.TC08_HeadlessChrome.HeadlessChrome(TC08_HeadlessChrome.java:13)
at tests.TC08_HeadlessChrome.HeadlessChrome(TC08_HeadlessChrome.java:13)
at tests.TC08_HeadlessChrome.HeadlessChrome(TC08_HeadlessChrome.java:13)
at tests.TC08_HeadlessChrome.HeadlessChrome(TC08_HeadlessChrome.java:13)
at tests.TC08_HeadlessChrome.HeadlessChrome(TC08_HeadlessChrome.java:13)
at tests.TC08_HeadlessChrome.HeadlessChrome(TC08_HeadlessChrome.java:13)
at tests.TC08_HeadlessChrome.HeadlessChrome(TC08_HeadlessChrome.java:13)
at tests.TC08_HeadlessChrome.HeadlessChrome(TC08_HeadlessChrome.java:13)
at tests.TC08_HeadlessChrome.HeadlessChrome(TC08_HeadlessChrome.java:13)
at tests.TC08_HeadlessChrome.HeadlessChrome(TC08_HeadlessChrome.java:13)
at tests.TC08_HeadlessChrome.HeadlessChrome(TC08_HeadlessChrome.java:13)
at tests.TC08_HeadlessChrome.HeadlessChrome(TC08_HeadlessChrome.java:13)
at tests.TC08_HeadlessChrome.HeadlessChrome(TC08_HeadlessChrome.java:13)
at tests.TC08_HeadlessChrome.HeadlessChrome(TC08_HeadlessChrome.java:13)
at tests.TC08_HeadlessChrome.HeadlessChrome(TC08_HeadlessChrome.java:13)
at tests.TC08_HeadlessChrome.HeadlessChrome(TC08_HeadlessChrome.java:13)
at tests.TC08_HeadlessChrome.HeadlessChrome(TC08_HeadlessChrome.java:13)
at tests.TC08_HeadlessChrome.HeadlessChrome(TC08_HeadlessChrome.java:13)
at tests.TC08_HeadlessChrome.HeadlessChrome(TC08_HeadlessChrome.java:13)
at tests.TC08_HeadlessChrome.HeadlessChrome(TC08_HeadlessChrome.java:13)
at tests.TC08_HeadlessChrome.HeadlessChrome(TC08_HeadlessChrome.java:13)
at tests.TC08_HeadlessChrome.HeadlessChrome(TC08_HeadlessChrome.java:13)
at tests.TC08_HeadlessChrome.HeadlessChrome(TC08_HeadlessChrome.java:13)
at tests.TC08_HeadlessChrome.HeadlessChrome(TC08_HeadlessChrome.java:13)
at tests.TC08_HeadlessChrome.HeadlessChrome(TC08_HeadlessChrome.java:13)
at tests.TC08_HeadlessChrome.HeadlessChrome(TC08_HeadlessChrome.java:13)
at tests.TC08_HeadlessChrome.HeadlessChrome(TC08_HeadlessChrome.java:13)
at tests.TC08_HeadlessChrome.HeadlessChrome(TC08_HeadlessChrome.java:13)
at tests.TC08_HeadlessChrome.HeadlessChrome(TC08_HeadlessChrome.java:13)
at tests.TC08_HeadlessChrome.HeadlessChrome(TC08_HeadlessChrome.java:13)
at tests.TC08_HeadlessChrome.HeadlessChrome(TC08_HeadlessChrome.java:13)
at tests.TC08_HeadlessChrome.HeadlessChrome(TC08_HeadlessChrome.java:13)
at tests.TC08_HeadlessChrome.HeadlessChrome(TC08_HeadlessChrome.java:13)
at tests.TC08_HeadlessChrome.HeadlessChrome(TC08_HeadlessChrome.java:13)
at tests.TC08_HeadlessChrome.HeadlessChrome(TC08_HeadlessChrome.java:13)
at tests.TC08_HeadlessChrome.HeadlessChrome(TC08_HeadlessChrome.java:13)
at tests.TC08_HeadlessChrome.HeadlessChrome(TC08_HeadlessChrome.java:13)
at tests.TC08_HeadlessChrome.HeadlessChrome(TC08_HeadlessChrome.java:13)
at tests.TC08_HeadlessChrome.HeadlessChrome(TC08_HeadlessChrome.java:13)
at tests.TC08_HeadlessChrome.HeadlessChrome(TC08_HeadlessChrome.java:13)
at tests.TC08_HeadlessChrome.HeadlessChrome(TC08_HeadlessChrome.java:13)
at tests.TC08_HeadlessChrome.HeadlessChrome(TC08_HeadlessChrome.java:13)
at tests.TC08_HeadlessChrome.HeadlessChrome(TC08_HeadlessChrome.java:13)
at tests.TC08_HeadlessChrome.HeadlessChrome(TC08_HeadlessChrome.java:13)
at tests.TC08_HeadlessChrome.HeadlessChrome(TC08_HeadlessChrome.java:13)
at tests.TC08_HeadlessChrome.HeadlessChrome(TC08_HeadlessChrome.java:13)
at tests.TC08_HeadlessChrome.HeadlessChrome(TC08_HeadlessChrome.java:13)
at tests.TC08_HeadlessChrome.HeadlessChrome(TC08_HeadlessChrome.java:13)
at tests.TC08_HeadlessChrome.HeadlessChrome(TC08_HeadlessChrome.java:13)
at tests.TC08_HeadlessChrome.HeadlessChrome(TC08_HeadlessChrome.java:13)
at tests.TC08_HeadlessChrome.HeadlessChrome(TC08_HeadlessChrome.java:13)
at tests.TC08_HeadlessChrome.HeadlessChrome(TC08_HeadlessChrome.java:13)
at tests.TC08_HeadlessChrome.HeadlessChrome(TC08_HeadlessChrome.java:13)
at tests.TC08_HeadlessChrome.HeadlessChrome(TC08_HeadlessChrome.java:13)
at tests.TC08_HeadlessChrome.HeadlessChrome(TC08_HeadlessChrome.java:13)
at tests.TC08_HeadlessChrome.HeadlessChrome(TC08_HeadlessChrome.java:13)
at tests.TC08_HeadlessChrome.HeadlessChrome(TC08_HeadlessChrome.java:13)
at tests.TC08_HeadlessChrome.HeadlessChrome(TC08_HeadlessChrome.java:13)
at tests.TC08_HeadlessChrome.HeadlessChrome(TC08_HeadlessChrome.java:13)
at tests.TC08_HeadlessChrome.HeadlessChrome(TC08_HeadlessChrome.java:13)
at tests.TC08_HeadlessChrome.HeadlessChrome(TC08_HeadlessChrome.java:13)
at tests.TC08_HeadlessChrome.HeadlessChrome(TC08_HeadlessChrome.java:13)
at tests.TC08_HeadlessChrome.HeadlessChrome(TC08_HeadlessChrome.java:13)
at tests.TC08_HeadlessChrome.HeadlessChrome(TC08_HeadlessChrome.java:13)
at tests.TC08_HeadlessChrome.HeadlessChrome(TC08_HeadlessChrome.java:13)
at tests.TC08_HeadlessChrome.HeadlessChrome(TC08_HeadlessChrome.java:13)
at tests.TC08_HeadlessChrome.HeadlessChrome(TC08_HeadlessChrome.java:13)
at tests.TC08_HeadlessChrome.HeadlessChrome(TC08_HeadlessChrome.java:13)
at tests.TC08_HeadlessChrome.HeadlessChrome(TC08_HeadlessChrome.java:13)
at tests.TC08_HeadlessChrome.HeadlessChrome(TC08_HeadlessChrome.java:13)
at tests.TC08_HeadlessChrome.HeadlessChrome(TC08_HeadlessChrome.java:13)
at tests.TC08_HeadlessChrome.HeadlessChrome(TC08_HeadlessChrome.java:13)
at tests.TC08_HeadlessChrome.HeadlessChrome(TC08_HeadlessChrome.java:13)
at tests.TC08_HeadlessChrome.HeadlessChrome(TC08_HeadlessChrome.java:13)
at tests.TC08_HeadlessChrome.HeadlessChrome(TC08_HeadlessChrome.java:13)
at tests.TC08_HeadlessChrome.HeadlessChrome(TC08_HeadlessChrome.java:13)
at tests.TC08_HeadlessChrome.HeadlessChrome(TC08_HeadlessChrome.java:13)
at tests.TC08_HeadlessChrome.HeadlessChrome(TC08_HeadlessChrome.java:13)
at tests.TC08_HeadlessChrome.HeadlessChrome(TC08_HeadlessChrome.java:13)
at tests.TC08_HeadlessChrome.HeadlessChrome(TC08_HeadlessChrome.java:13)
at tests.TC08_HeadlessChrome.HeadlessChrome(TC08_HeadlessChrome.java:13)
at tests.TC08_HeadlessChrome.HeadlessChrome(TC08_HeadlessChrome.java:13)
at tests.TC08_HeadlessChrome.HeadlessChrome(TC08_HeadlessChrome.java:13)
at tests.TC08_HeadlessChrome.HeadlessChrome(TC08_HeadlessChrome.java:13)
at tests.TC08_HeadlessChrome.HeadlessChrome(TC08_HeadlessChrome.java:13)
at tests.TC08_HeadlessChrome.HeadlessChrome(TC08_HeadlessChrome.java:13)
at tests.TC08_HeadlessChrome.HeadlessChrome(TC08_HeadlessChrome.java:13)
at tests.TC08_HeadlessChrome.HeadlessChrome(TC08_HeadlessChrome.java:13)
at tests.TC08_HeadlessChrome.HeadlessChrome(TC08_HeadlessChrome.java:13)
at tests.TC08_HeadlessChrome.HeadlessChrome(TC08_HeadlessChrome.java:13)
at tests.TC08_HeadlessChrome.HeadlessChrome(TC08_HeadlessChrome.java:13)
at tests.TC08_HeadlessChrome.HeadlessChrome(TC08_HeadlessChrome.java:13)
at tests.TC08_HeadlessChrome.HeadlessChrome(TC08_HeadlessChrome.java:13)
at tests.TC08_HeadlessChrome.HeadlessChrome(TC08_HeadlessChrome.java:13)
at tests.TC08_HeadlessChrome.HeadlessChrome(TC08_HeadlessChrome.java:13)
at tests.TC08_HeadlessChrome.HeadlessChrome(TC08_HeadlessChrome.java:13)
at tests.TC08_HeadlessChrome.HeadlessChrome(TC08_HeadlessChrome.java:13)
at tests.TC08_HeadlessChrome.HeadlessChrome(TC08_HeadlessChrome.java:13)
at tests.TC08_HeadlessChrome.HeadlessChrome(TC08_HeadlessChrome.java:13)
at tests.TC08_HeadlessChrome.HeadlessChrome(TC08_HeadlessChrome.java:13)
at tests.TC08_HeadlessChrome.HeadlessChrome(TC08_HeadlessChrome.java:13)
at tests.TC08_HeadlessChrome.HeadlessChrome(TC08_HeadlessChrome.java:13)
at tests.TC08_HeadlessChrome.HeadlessChrome(TC08_HeadlessChrome.java:13)
at tests.TC08_HeadlessChrome.HeadlessChrome(TC08_HeadlessChrome.java:13)
at tests.TC08_HeadlessChrome.HeadlessChrome(TC08_HeadlessChrome.java:13)
at tests.TC08_HeadlessChrome.HeadlessChrome(TC08_HeadlessChrome.java:13)
at tests.TC08_HeadlessChrome.HeadlessChrome(TC08_HeadlessChrome.java:13)
at tests.TC08_HeadlessChrome.HeadlessChrome(TC08_HeadlessChrome.java:13)
at tests.TC08_HeadlessChrome.HeadlessChrome(TC08_HeadlessChrome.java:13)
at tests.TC08_HeadlessChrome.HeadlessChrome(TC08_HeadlessChrome.java:13)
at tests.TC08_HeadlessChrome.HeadlessChrome(TC08_HeadlessChrome.java:13)
at tests.TC08_HeadlessChrome.HeadlessChrome(TC08_HeadlessChrome.java:13)
at tests.TC08_HeadlessChrome.HeadlessChrome(TC08_HeadlessChrome.java:13)
at tests.TC08_HeadlessChrome.HeadlessChrome(TC08_HeadlessChrome.java:13)
at tests.TC08_HeadlessChrome.HeadlessChrome(TC08_HeadlessChrome.java:13)
at tests.TC08_HeadlessChrome.HeadlessChrome(TC08_HeadlessChrome.java:13)
at tests.TC08_HeadlessChrome.HeadlessChrome(TC08_HeadlessChrome.java:13)
at tests.TC08_HeadlessChrome.HeadlessChrome(TC08_HeadlessChrome.java:13)
at tests.TC08_HeadlessChrome.HeadlessChrome(TC08_HeadlessChrome.java:13)
at tests.TC08_HeadlessChrome.HeadlessChrome(TC08_HeadlessChrome.java:13)
at tests.TC08_HeadlessChrome.HeadlessChrome(TC08_HeadlessChrome.java:13)
at tests.TC08_HeadlessChrome.HeadlessChrome(TC08_HeadlessChrome.java:13)
at tests.TC08_HeadlessChrome.HeadlessChrome(TC08_HeadlessChrome.java:13)
at tests.TC08_HeadlessChrome.HeadlessChrome(TC08_HeadlessChrome.java:13)
at tests.TC08_HeadlessChrome.HeadlessChrome(TC08_HeadlessChrome.java:13)
at tests.TC08_HeadlessChrome.HeadlessChrome(TC08_HeadlessChrome.java:13)
at tests.TC08_HeadlessChrome.HeadlessChrome(TC08_HeadlessChrome.java:13)
at tests.TC08_HeadlessChrome.HeadlessChrome(TC08_HeadlessChrome.java:13)
at tests.TC08_HeadlessChrome.HeadlessChrome(TC08_HeadlessChrome.java:13)
at tests.TC08_HeadlessChrome.HeadlessChrome(TC08_HeadlessChrome.java:13)
at tests.TC08_HeadlessChrome.HeadlessChrome(TC08_HeadlessChrome.java:13)
at tests.TC08_HeadlessChrome.HeadlessChrome(TC08_HeadlessChrome.java:13)
at tests.TC08_HeadlessChrome.HeadlessChrome(TC08_HeadlessChrome.java:13)
at tests.TC08_HeadlessChrome.HeadlessChrome(TC08_HeadlessChrome.java:13)
at tests.TC08_HeadlessChrome.HeadlessChrome(TC08_HeadlessChrome.java:13)
at tests.TC08_HeadlessChrome.HeadlessChrome(TC08_HeadlessChrome.java:13)
at tests.TC08_HeadlessChrome.HeadlessChrome(TC08_HeadlessChrome.java:13)
at tests.TC08_HeadlessChrome.HeadlessChrome(TC08_HeadlessChrome.java:13)
at tests.TC08_HeadlessChrome.HeadlessChrome(TC08_HeadlessChrome.java:13)
at tests.TC08_HeadlessChrome.HeadlessChrome(TC08_HeadlessChrome.java:13)
at tests.TC08_HeadlessChrome.HeadlessChrome(TC08_HeadlessChrome.java:13)
at tests.TC08_HeadlessChrome.HeadlessChrome(TC08_HeadlessChrome.java:13)
at tests.TC08_HeadlessChrome.HeadlessChrome(TC08_HeadlessChrome.java:13)
at tests.TC08_HeadlessChrome.HeadlessChrome(TC08_HeadlessChrome.java:13)
at tests.TC08_HeadlessChrome.HeadlessChrome(TC08_HeadlessChrome.java:13)
at tests.TC08_HeadlessChrome.HeadlessChrome(TC08_HeadlessChrome.java:13)
at tests.TC08_HeadlessChrome.HeadlessChrome(TC08_HeadlessChrome.java:13)
at tests.TC08_HeadlessChrome.HeadlessChrome(TC08_HeadlessChrome.java:13)
at tests.TC08_HeadlessChrome.HeadlessChrome(TC08_HeadlessChrome.java:13)
at tests.TC08_HeadlessChrome.HeadlessChrome(TC08_HeadlessChrome.java:13)
at tests.TC08_HeadlessChrome.HeadlessChrome(TC08_HeadlessChrome.java:13)
at tests.TC08_HeadlessChrome.HeadlessChrome(TC08_HeadlessChrome.java:13)
at tests.TC08_HeadlessChrome.HeadlessChrome(TC08_HeadlessChrome.java:13)
at tests.TC08_HeadlessChrome.HeadlessChrome(TC08_HeadlessChrome.java:13)
at tests.TC08_HeadlessChrome.HeadlessChrome(TC08_HeadlessChrome.java:13)
at tests.TC08_HeadlessChrome.HeadlessChrome(TC08_HeadlessChrome.java:13)
at tests.TC08_HeadlessChrome.HeadlessChrome(TC08_HeadlessChrome.java:13)
at tests.TC08_HeadlessChrome.HeadlessChrome(TC08_HeadlessChrome.java:13)
at tests.TC08_HeadlessChrome.HeadlessChrome(TC08_HeadlessChrome.java:13)
at tests.TC08_HeadlessChrome.HeadlessChrome(TC08_HeadlessChrome.java:13)
at tests.TC08_HeadlessChrome.HeadlessChrome(TC08_HeadlessChrome.java:13)
at tests.TC08_HeadlessChrome.HeadlessChrome(TC08_HeadlessChrome.java:13)
at tests.TC08_HeadlessChrome.HeadlessChrome(TC08_HeadlessChrome.java:13)
at tests.TC08_HeadlessChrome.HeadlessChrome(TC08_HeadlessChrome.java:13)
at tests.TC08_HeadlessChrome.HeadlessChrome(TC08_HeadlessChrome.java:13)
at tests.TC08_HeadlessChrome.HeadlessChrome(TC08_HeadlessChrome.java:13)
at tests.TC08_HeadlessChrome.HeadlessChrome(TC08_HeadlessChrome.java:13)
at tests.TC08_HeadlessChrome.HeadlessChrome(TC08_HeadlessChrome.java:13)
at tests.TC08_HeadlessChrome.HeadlessChrome(TC08_HeadlessChrome.java:13)
at tests.TC08_HeadlessChrome.HeadlessChrome(TC08_HeadlessChrome.java:13)
at tests.TC08_HeadlessChrome.HeadlessChrome(TC08_HeadlessChrome.java:13)
at tests.TC08_HeadlessChrome.HeadlessChrome(TC08_HeadlessChrome.java:13)
at tests.TC08_HeadlessChrome.HeadlessChrome(TC08_HeadlessChrome.java:13)
at tests.TC08_HeadlessChrome.HeadlessChrome(TC08_HeadlessChrome.java:13)
at tests.TC08_HeadlessChrome.HeadlessChrome(TC08_HeadlessChrome.java:13)
at tests.TC08_HeadlessChrome.HeadlessChrome(TC08_HeadlessChrome.java:13)
at tests.TC08_HeadlessChrome.HeadlessChrome(TC08_HeadlessChrome.java:13)
at tests.TC08_HeadlessChrome.HeadlessChrome(TC08_HeadlessChrome.java:13)
at tests.TC08_HeadlessChrome.HeadlessChrome(TC08_HeadlessChrome.java:13)
at tests.TC08_HeadlessChrome.HeadlessChrome(TC08_HeadlessChrome.java:13)
at tests.TC08_HeadlessChrome.HeadlessChrome(TC08_HeadlessChrome.java:13)
at tests.TC08_HeadlessChrome.HeadlessChrome(TC08_HeadlessChrome.java:13)
at tests.TC08_HeadlessChrome.HeadlessChrome(TC08_HeadlessChrome.java:13)
at tests.TC08_HeadlessChrome.HeadlessChrome(TC08_HeadlessChrome.java:13)
at tests.TC08_HeadlessChrome.HeadlessChrome(TC08_HeadlessChrome.java:13)
at tests.TC08_HeadlessChrome.HeadlessChrome(TC08_HeadlessChrome.java:13)
at tests.TC08_HeadlessChrome.HeadlessChrome(TC08_HeadlessChrome.java:13)
at tests.TC08_HeadlessChrome.HeadlessChrome(TC08_HeadlessChrome.java:13)
at tests.TC08_HeadlessChrome.HeadlessChrome(TC08_HeadlessChrome.java:13)
at tests.TC08_HeadlessChrome.HeadlessChrome(TC08_HeadlessChrome.java:13)
at tests.TC08_HeadlessChrome.HeadlessChrome(TC08_HeadlessChrome.java:13)
at tests.TC08_HeadlessChrome.HeadlessChrome(TC08_HeadlessChrome.java:13)
at tests.TC08_HeadlessChrome.HeadlessChrome(TC08_HeadlessChrome.java:13)
at tests.TC08_HeadlessChrome.HeadlessChrome(TC08_HeadlessChrome.java:13)
at tests.TC08_HeadlessChrome.HeadlessChrome(TC08_HeadlessChrome.java:13)
at tests.TC08_HeadlessChrome.HeadlessChrome(TC08_HeadlessChrome.java:13)
at tests.TC08_HeadlessChrome.HeadlessChrome(TC08_HeadlessChrome.java:13)
at tests.TC08_HeadlessChrome.HeadlessChrome(TC08_HeadlessChrome.java:13)
at tests.TC08_HeadlessChrome.HeadlessChrome(TC08_HeadlessChrome.java:13)
at tests.TC08_HeadlessChrome.HeadlessChrome(TC08_HeadlessChrome.java:13)
at tests.TC08_HeadlessChrome.HeadlessChrome(TC08_HeadlessChrome.java:13)
at tests.TC08_HeadlessChrome.HeadlessChrome(TC08_HeadlessChrome.java:13)
at tests.TC08_HeadlessChrome.HeadlessChrome(TC08_HeadlessChrome.java:13)
at tests.TC08_HeadlessChrome.HeadlessChrome(TC08_HeadlessChrome.java:13)
at tests.TC08_HeadlessChrome.HeadlessChrome(TC08_HeadlessChrome.java:13)
at tests.TC08_HeadlessChrome.HeadlessChrome(TC08_HeadlessChrome.java:13)
at tests.TC08_HeadlessChrome.HeadlessChrome(TC08_HeadlessChrome.java:13)
at tests.TC08_HeadlessChrome.HeadlessChrome(TC08_HeadlessChrome.java:13)
at tests.TC08_HeadlessChrome.HeadlessChrome(TC08_HeadlessChrome.java:13)
at tests.TC08_HeadlessChrome.HeadlessChrome(TC08_HeadlessChrome.java:13)
at tests.TC08_HeadlessChrome.HeadlessChrome(TC08_HeadlessChrome.java:13)
at tests.TC08_HeadlessChrome.HeadlessChrome(TC08_HeadlessChrome.java:13)
at tests.TC08_HeadlessChrome.HeadlessChrome(TC08_HeadlessChrome.java:13)
at tests.TC08_HeadlessChrome.HeadlessChrome(TC08_HeadlessChrome.java:13)
at tests.TC08_HeadlessChrome.HeadlessChrome(TC08_HeadlessChrome.java:13)
at tests.TC08_HeadlessChrome.HeadlessChrome(TC08_HeadlessChrome.java:13)
at tests.TC08_HeadlessChrome.HeadlessChrome(TC08_HeadlessChrome.java:13)
at tests.TC08_HeadlessChrome.HeadlessChrome(TC08_HeadlessChrome.java:13)
at tests.TC08_HeadlessChrome.HeadlessChrome(TC08_HeadlessChrome.java:13)
at tests.TC08_HeadlessChrome.HeadlessChrome(TC08_HeadlessChrome.java:13)
at tests.TC08_HeadlessChrome.HeadlessChrome(TC08_HeadlessChrome.java:13)
at tests.TC08_HeadlessChrome.HeadlessChrome(TC08_HeadlessChrome.java:13)
at tests.TC08_HeadlessChrome.HeadlessChrome(TC08_HeadlessChrome.java:13)
at tests.TC08_HeadlessChrome.HeadlessChrome(TC08_HeadlessChrome.java:13)
at tests.TC08_HeadlessChrome.HeadlessChrome(TC08_HeadlessChrome.java:13)
at tests.TC08_HeadlessChrome.HeadlessChrome(TC08_HeadlessChrome.java:13)
at tests.TC08_HeadlessChrome.HeadlessChrome(TC08_HeadlessChrome.java:13)
at tests.TC08_HeadlessChrome.HeadlessChrome(TC08_HeadlessChrome.java:13)
at tests.TC08_HeadlessChrome.HeadlessChrome(TC08_HeadlessChrome.java:13)
at tests.TC08_HeadlessChrome.HeadlessChrome(TC08_HeadlessChrome.java:13)
at tests.TC08_HeadlessChrome.HeadlessChrome(TC08_HeadlessChrome.java:13)
at tests.TC08_HeadlessChrome.HeadlessChrome(TC08_HeadlessChrome.java:13)
at tests.TC08_HeadlessChrome.HeadlessChrome(TC08_HeadlessChrome.java:13)
at tests.TC08_HeadlessChrome.HeadlessChrome(TC08_HeadlessChrome.java:13)
at tests.TC08_HeadlessChrome.HeadlessChrome(TC08_HeadlessChrome.java:13)
at tests.TC08_HeadlessChrome.HeadlessChrome(TC08_HeadlessChrome.java:13)
at tests.TC08_HeadlessChrome.HeadlessChrome(TC08_HeadlessChrome.java:13)
at tests.TC08_HeadlessChrome.HeadlessChrome(TC08_HeadlessChrome.java:13)
at tests.TC08_HeadlessChrome.HeadlessChrome(TC08_HeadlessChrome.java:13)
at tests.TC08_HeadlessChrome.HeadlessChrome(TC08_HeadlessChrome.java:13)
at tests.TC08_HeadlessChrome.HeadlessChrome(TC08_HeadlessChrome.java:13)
at tests.TC08_HeadlessChrome.HeadlessChrome(TC08_HeadlessChrome.java:13)
at tests.TC08_HeadlessChrome.HeadlessChrome(TC08_HeadlessChrome.java:13)
at tests.TC08_HeadlessChrome.HeadlessChrome(TC08_HeadlessChrome.java:13)
at tests.TC08_HeadlessChrome.HeadlessChrome(TC08_HeadlessChrome.java:13)
at tests.TC08_HeadlessChrome.HeadlessChrome(TC08_HeadlessChrome.java:13)
at tests.TC08_HeadlessChrome.HeadlessChrome(TC08_HeadlessChrome.java:13)
at tests.TC08_HeadlessChrome.HeadlessChrome(TC08_HeadlessChrome.java:13)
at tests.TC08_HeadlessChrome.HeadlessChrome(TC08_HeadlessChrome.java:13)
at tests.TC08_HeadlessChrome.HeadlessChrome(TC08_HeadlessChrome.java:13)
at tests.TC08_HeadlessChrome.HeadlessChrome(TC08_HeadlessChrome.java:13)
at tests.TC08_HeadlessChrome.HeadlessChrome(TC08_HeadlessChrome.java:13)
at tests.TC08_HeadlessChrome.HeadlessChrome(TC08_HeadlessChrome.java:13)
at tests.TC08_HeadlessChrome.HeadlessChrome(TC08_HeadlessChrome.java:13)
at tests.TC08_HeadlessChrome.HeadlessChrome(TC08_HeadlessChrome.java:13)
at tests.TC08_HeadlessChrome.HeadlessChrome(TC08_HeadlessChrome.java:13)
at tests.TC08_HeadlessChrome.HeadlessChrome(TC08_HeadlessChrome.java:13)
at tests.TC08_HeadlessChrome.HeadlessChrome(TC08_HeadlessChrome.java:13)
at tests.TC08_HeadlessChrome.HeadlessChrome(TC08_HeadlessChrome.java:13)
at tests.TC08_HeadlessChrome.HeadlessChrome(TC08_HeadlessChrome.java:13)
at tests.TC08_HeadlessChrome.HeadlessChrome(TC08_HeadlessChrome.java:13)
at tests.TC08_HeadlessChrome.HeadlessChrome(TC08_HeadlessChrome.java:13)
at tests.TC08_HeadlessChrome.HeadlessChrome(TC08_HeadlessChrome.java:13)
at tests.TC08_HeadlessChrome.HeadlessChrome(TC08_HeadlessChrome.java:13)
at tests.TC08_HeadlessChrome.HeadlessChrome(TC08_HeadlessChrome.java:13)
at tests.TC08_HeadlessChrome.HeadlessChrome(TC08_HeadlessChrome.java:13)
at tests.TC08_HeadlessChrome.HeadlessChrome(TC08_HeadlessChrome.java:13)
at tests.TC08_HeadlessChrome.HeadlessChrome(TC08_HeadlessChrome.java:13)
at tests.TC08_HeadlessChrome.HeadlessChrome(TC08_HeadlessChrome.java:13)
]]>
    </failure>
  </testcase> <!-- HeadlessChrome -->
</testsuite> <!-- ChromeTest1 -->
