<?xml version="1.0" encoding="UTF-8"?>
<!-- Generated by org.testng.reporters.JUnitXMLReporter -->
<testsuite ignored="1" hostname="DESKTOP-H3UQ7ED" failures="0" tests="1" name="FirefoxTest" time="83.726" errors="0" timestamp="2023-12-17T18:20:40 IST">
  <testcase classname="tests.TC03_CheckingBrokenLinks" name="CheckBrokenLinksTest" time="52.18"/>
  <testcase classname="tests.TC02_SignUpFunctionality" name="SignUpNegativeTest" time="0.0">
    <ignored/>
  </testcase> <!-- SignUpNegativeTest -->
</testsuite> <!-- FirefoxTest -->
